TN:
SF:C:\workspace\chevrotain\packages\chevrotain\src\api.ts
FNF:0
FNH:0
DA:1,1
DA:6,1
DA:7,1
DA:15,1
DA:22,1
DA:23,1
DA:28,1
DA:29,1
DA:30,1
DA:44,1
DA:49,1
DA:58,1
DA:189,1
DA:192,1
DA:195,1
DA:198,1
DA:199,1
DA:201,1
DA:202,1
DA:203,1
DA:204,1
DA:207,1
DA:208,1
DA:209,1
DA:210,1
DA:211,1
DA:214,1
DA:215,1
DA:216,1
DA:217,1
DA:218,1
DA:219,1
DA:220,1
DA:221,1
DA:224,1
DA:225,1
DA:226,1
DA:227,1
DA:228,1
DA:229,1
DA:230,1
DA:231,1
DA:232,1
DA:233,1
DA:236,1
DA:237,1
DA:238,1
DA:239,1
DA:240,1
DA:241,1
DA:242,1
DA:243,1
DA:254,1
DA:256,1
DA:257,1
DA:259,1
LF:56
LH:56
BRF:0
BRH:0
end_of_record
TN:
SF:C:\workspace\chevrotain\packages\chevrotain\src\version.ts
FNF:0
FNH:0
DA:4,1
LF:1
LH:1
BRF:0
BRH:0
end_of_record
TN:
SF:C:\workspace\chevrotain\packages\chevrotain\src\diagrams\render_public.ts
FN:4,createSyntaxDiagramsCode
FNF:1
FNH:1
FNDA:2,createSyntaxDiagramsCode
DA:1,1
DA:4,1
DA:6,2
DA:7,4
DA:8,4
DA:14,2
DA:25,2
DA:29,2
DA:35,2
DA:38,2
DA:44,2
DA:50,2
LF:12
LH:12
BRDA:6,0,0,1
BRDA:6,0,1,1
BRDA:7,1,0,1
BRDA:7,1,1,1
BRDA:8,2,0,1
BRDA:8,2,1,1
BRF:6
BRH:6
end_of_record
TN:
SF:C:\workspace\chevrotain\packages\chevrotain\src\generate\generate.ts
FN:26,genUmdModule
FN:52,genWrapperFunction
FN:62,genClass
FN:88,genAllRules
FN:89,(anonymous_4)
FN:96,genRule
FN:103,genTerminal
FN:109,genNonTerminal
FN:113,genAlternation
FN:115,(anonymous_9)
FN:121,genSingleAlt
FN:135,genProd
FN:160,genDSLRule
FN:196,genDefFunction
FN:203,genDefinition
FN:205,(anonymous_15)
FN:211,indent
FNF:17
FNH:17
FNDA:1,genUmdModule
FNDA:8,genWrapperFunction
FNDA:9,genClass
FNDA:9,genAllRules
FNDA:10,(anonymous_4)
FNDA:10,genRule
FNDA:11,genTerminal
FNDA:1,genNonTerminal
FNDA:2,genAlternation
FNDA:4,(anonymous_9)
FNDA:4,genSingleAlt
FNDA:21,genProd
FNDA:6,genDSLRule
FNDA:6,genDefFunction
FNDA:21,genDefinition
FNDA:21,(anonymous_15)
FNDA:77,indent
DA:1,1
DA:2,1
DA:3,1
DA:24,1
DA:26,1
DA:27,1
DA:52,1
DA:56,8
DA:62,1
DA:65,9
DA:85,9
DA:88,1
DA:89,9
DA:90,10
DA:93,9
DA:96,1
DA:97,10
DA:98,10
DA:99,10
DA:100,10
DA:103,1
DA:104,11
DA:106,11
DA:109,1
DA:110,1
DA:113,1
DA:114,2
DA:115,4
DA:116,2
DA:117,2
DA:118,2
DA:121,1
DA:122,4
DA:125,1
DA:127,4
DA:128,4
DA:129,4
DA:130,4
DA:132,4
DA:138,1
DA:170,6
DA:173,3
DA:175,1
DA:178,2
DA:186,3
DA:187,3
DA:189,3
DA:192,6
DA:193,6
DA:197,6
DA:198,6
DA:199,6
DA:200,6
DA:204,21
DA:205,21
DA:206,21
DA:208,21
DA:212,77
DA:213,77
LF:59
LH:59
BRDA:172,0,0,6
BRDA:172,0,1,5
BRF:2
BRH:2
end_of_record
TN:
SF:C:\workspace\chevrotain\packages\chevrotain\src\generate\generate_public.ts
FN:4,generateParserFactory
FN:21,(anonymous_1)
FN:31,generateParserModule
FNF:3
FNH:3
FNDA:8,generateParserFactory
FNDA:8,(anonymous_1)
FNDA:1,generateParserModule
DA:2,1
DA:4,1
DA:9,8
DA:14,8
DA:21,8
DA:22,8
DA:31,1
DA:35,1
LF:8
LH:8
BRF:0
BRH:0
end_of_record
TN:
SF:C:\workspace\chevrotain\packages\chevrotain\src\lang\lang_extensions.ts
FN:4,classNameFromInstance
FN:29,defineNameProp
FN:50,(anonymous_2)
FN:53,(anonymous_4)
FN:57,(anonymous_5)
FN:61,(anonymous_6)
FN:65,(anonymous_7)
FN:69,(anonymous_8)
FN:77,(anonymous_9)
FN:81,(anonymous_10)
FNF:10
FNH:10
FNDA:570,classNameFromInstance
FNDA:1126,defineNameProp
FNDA:2556,(anonymous_2)
FNDA:2,(anonymous_4)
FNDA:1271,(anonymous_5)
FNDA:3229,(anonymous_6)
FNDA:332,(anonymous_7)
FNDA:2823,(anonymous_8)
FNDA:445,(anonymous_9)
FNDA:1,(anonymous_10)
DA:1,1
DA:4,1
DA:5,570
DA:8,1
DA:9,1
DA:12,1
DA:29,1
DA:30,1126
DA:33,1126
DA:40,1126
DA:50,1
DA:51,2555
DA:53,1
DA:54,2
DA:57,1
DA:58,1271
DA:61,1
DA:62,3229
DA:65,1
DA:66,332
DA:69,1
DA:74,2823
DA:77,1
DA:78,445
DA:81,1
DA:82,1
DA:84,1
LF:27
LH:27
BRDA:32,0,0,1126
BRDA:32,0,1,4
BRF:2
BRH:2
end_of_record
TN:
SF:C:\workspace\chevrotain\packages\chevrotain\src\parse\constants.ts
FNF:0
FNH:0
DA:2,1
LF:1
LH:1
BRF:0
BRH:0
end_of_record
TN:
SF:C:\workspace\chevrotain\packages\chevrotain\src\parse\errors_public.ts
FN:24,(anonymous_0)
FN:40,(anonymous_1)
FN:46,(anonymous_2)
FN:63,(anonymous_3)
FN:68,(anonymous_4)
FN:69,(anonymous_5)
FN:75,(anonymous_6)
FN:85,(anonymous_7)
FN:101,(anonymous_8)
FN:102,(anonymous_9)
FN:118,(anonymous_10)
FN:134,(anonymous_11)
FN:138,getExtraProductionArgument
FN:182,(anonymous_13)
FN:196,(anonymous_14)
FN:210,(anonymous_15)
FN:223,(anonymous_16)
FN:229,(anonymous_17)
FN:248,(anonymous_18)
FN:254,(anonymous_19)
FN:283,(anonymous_20)
FN:301,(anonymous_21)
FN:310,(anonymous_22)
FN:325,(anonymous_23)
FN:339,(anonymous_24)
FN:346,(anonymous_25)
FN:361,(anonymous_26)
FN:371,(anonymous_27)
FNF:28
FNH:28
FNDA:34,(anonymous_0)
FNDA:13,(anonymous_1)
FNDA:7,(anonymous_2)
FNDA:19,(anonymous_3)
FNDA:19,(anonymous_4)
FNDA:19,(anonymous_5)
FNDA:19,(anonymous_6)
FNDA:9,(anonymous_7)
FNDA:10,(anonymous_8)
FNDA:10,(anonymous_9)
FNDA:7,(anonymous_10)
FNDA:17,(anonymous_11)
FNDA:17,getExtraProductionArgument
FNDA:1,(anonymous_13)
FNDA:1,(anonymous_14)
FNDA:1,(anonymous_15)
FNDA:30,(anonymous_16)
FNDA:20,(anonymous_17)
FNDA:18,(anonymous_18)
FNDA:32,(anonymous_19)
FNDA:8,(anonymous_20)
FNDA:1,(anonymous_21)
FNDA:16,(anonymous_22)
FNDA:1,(anonymous_23)
FNDA:10,(anonymous_24)
FNDA:8,(anonymous_25)
FNDA:8,(anonymous_26)
FNDA:6,(anonymous_27)
DA:1,1
DA:2,1
DA:3,1
DA:4,1
DA:10,1
DA:11,1
DA:12,1
DA:21,1
DA:23,1
DA:25,34
DA:26,34
DA:27,34
DA:28,34
DA:30,34
DA:31,34
DA:35,34
DA:37,34
DA:40,13
DA:41,13
DA:47,7
DA:48,7
DA:49,7
DA:50,7
DA:51,7
DA:53,7
DA:55,7
DA:56,7
DA:59,1
DA:61,6
DA:63,19
DA:66,6
DA:69,19
DA:70,19
DA:73,6
DA:75,19
DA:77,6
DA:81,6
DA:86,9
DA:87,9
DA:88,9
DA:89,9
DA:91,9
DA:93,9
DA:94,9
DA:97,1
DA:99,8
DA:102,10
DA:103,10
DA:107,8
DA:110,8
DA:115,1
DA:117,1
DA:123,7
DA:129,7
DA:133,1
DA:142,7
DA:144,5
DA:146,5
DA:150,17
DA:151,17
DA:152,17
DA:153,17
DA:154,17
DA:156,17
DA:176,17
DA:177,17
DA:179,17
DA:187,1
DA:193,1
DA:200,1
DA:202,1
DA:207,1
DA:212,1
DA:220,1
DA:229,30
DA:230,20
DA:233,30
DA:235,30
DA:245,30
DA:254,18
DA:255,32
DA:258,18
DA:260,18
DA:266,18
DA:268,18
DA:280,18
DA:287,8
DA:289,6
DA:293,8
DA:298,8
DA:305,1
DA:306,1
DA:307,1
DA:316,16
DA:322,16
DA:330,1
DA:336,1
DA:343,10
DA:344,10
DA:346,8
DA:348,10
DA:352,10
DA:358,10
DA:365,8
DA:366,8
DA:367,8
DA:368,8
DA:377,1
DA:379,5
DA:382,6
DA:386,6
LF:111
LH:111
BRDA:32,0,0,2
BRDA:32,0,1,32
BRDA:157,1,0,12
BRDA:157,1,1,5
BRDA:163,2,0,4
BRDA:163,2,1,13
BRDA:167,3,0,12
BRDA:167,3,1,5
BRDA:233,4,0,13
BRDA:233,4,1,17
BRDA:258,5,0,8
BRDA:258,5,1,10
BRF:12
BRH:12
end_of_record
TN:
SF:C:\workspace\chevrotain\packages\chevrotain\src\parse\exceptions_public.ts
FN:19,isRecognitionException
FN:24,MismatchedTokenException
FN:40,NoViableAltException
FN:54,NotAllInputParsedException
FN:63,EarlyExitException
FNF:5
FNH:5
FNDA:129,isRecognitionException
FNDA:36,MismatchedTokenException
FNDA:8,NoViableAltException
FNDA:15,NotAllInputParsedException
FNDA:10,EarlyExitException
DA:1,1
DA:4,1
DA:5,1
DA:6,1
DA:7,1
DA:16,1
DA:19,1
DA:21,129
DA:24,1
DA:29,36
DA:30,36
DA:31,36
DA:32,36
DA:33,36
DA:38,1
DA:40,1
DA:45,8
DA:46,8
DA:47,8
DA:48,8
DA:49,8
DA:52,1
DA:54,1
DA:55,15
DA:56,15
DA:57,15
DA:58,15
DA:61,1
DA:63,1
DA:68,10
DA:69,10
DA:70,10
DA:71,10
DA:72,10
DA:75,1
LF:35
LH:35
BRF:0
BRH:0
end_of_record
TN:
SF:C:\workspace\chevrotain\packages\chevrotain\src\parse\gast_builder.ts
FN:35,(anonymous_0)
FN:121,buildTopProduction
FN:141,buildTopLevel
FN:155,buildProdGast
FN:184,buildRefProd
FN:196,buildTerminalProd
FN:226,buildProdWithOccurrence
FN:243,buildAtLeastOneProd
FN:255,buildAtLeastOneSepProd
FN:267,buildManyProd
FN:279,buildManySepProd
FN:291,buildRepetitionWithSep
FN:321,buildOptionProd
FN:333,buildOrProd
FN:345,buildFlatProd
FN:356,buildAbstractProd
FN:362,(anonymous_16)
FN:367,(anonymous_17)
FN:375,getDirectlyContainedRanges
FN:379,(anonymous_19)
FN:383,(anonymous_20)
FN:402,removeComments
FN:408,replaceWithEmptyStringExceptNestedRules
FN:418,removeStringLiterals
FN:430,createRanges
FN:452,createTerminalRanges
FN:460,createRefsRanges
FN:468,createAtLeastOneRanges
FN:476,createAtLeastOneSepRanges
FN:484,createManyRanges
FN:492,createManySepRanges
FN:500,createOptionRanges
FN:508,createOrRanges
FN:528,createOrPartRanges
FN:530,(anonymous_34)
FN:539,(anonymous_35)
FN:546,(anonymous_36)
FN:562,createRefOrTerminalProdRangeInternal
FN:583,createOperatorProdRangeParenthesis
FN:596,createOperatorProdRangeInternal
FN:619,findClosingOffset
FN:646,deserializeGrammar
FN:650,(anonymous_42)
FN:655,deserializeProduction
FNF:44
FNH:44
FNDA:1,(anonymous_0)
FNDA:447,buildTopProduction
FNDA:447,buildTopLevel
FNDA:2589,buildProdGast
FNDA:250,buildRefProd
FNDA:1330,buildTerminalProd
FNDA:450,buildProdWithOccurrence
FNDA:58,buildAtLeastOneProd
FNDA:40,buildAtLeastOneSepProd
FNDA:185,buildManyProd
FNDA:115,buildManySepProd
FNDA:155,buildRepetitionWithSep
FNDA:72,buildOptionProd
FNDA:135,buildOrProd
FNDA:404,buildFlatProd
FNDA:1455,buildAbstractProd
FNDA:2702,(anonymous_16)
FNDA:2579,(anonymous_17)
FNDA:1458,getDirectlyContainedRanges
FNDA:20444,(anonymous_19)
FNDA:651415,(anonymous_20)
FNDA:448,removeComments
FNDA:592,replaceWithEmptyStringExceptNestedRules
FNDA:449,removeStringLiterals
FNDA:448,createRanges
FNDA:449,createTerminalRanges
FNDA:449,createRefsRanges
FNDA:449,createAtLeastOneRanges
FNDA:448,createAtLeastOneSepRanges
FNDA:449,createManyRanges
FNDA:448,createManySepRanges
FNDA:449,createOptionRanges
FNDA:450,createOrRanges
FNDA:450,createOrPartRanges
FNDA:137,(anonymous_34)
FNDA:409,(anonymous_35)
FNDA:409,(anonymous_36)
FNDA:898,createRefOrTerminalProdRangeInternal
FNDA:2693,createOperatorProdRangeParenthesis
FNDA:2830,createOperatorProdRangeInternal
FNDA:1021,findClosingOffset
FNDA:27,deserializeGrammar
FNDA:52,(anonymous_42)
FNDA:52,deserializeProduction
DA:1,1
DA:2,1
DA:13,1
DA:35,1
DA:36,1
DA:37,1
DA:38,1
DA:39,1
DA:40,1
DA:41,1
DA:42,1
DA:43,1
DA:44,1
DA:53,1
DA:54,1
DA:62,1
DA:63,1
DA:65,1
DA:66,1
DA:68,1
DA:69,1
DA:70,1
DA:72,1
DA:73,1
DA:74,1
DA:76,1
DA:77,1
DA:78,1
DA:83,1
DA:88,1
DA:89,1
DA:94,1
DA:99,1
DA:100,1
DA:103,1
DA:105,1
DA:106,1
DA:107,1
DA:109,1
DA:110,1
DA:113,1
DA:119,1
DA:121,1
DA:128,447
DA:131,447
DA:133,447
DA:134,447
DA:135,447
DA:136,447
DA:137,447
DA:138,447
DA:147,447
DA:152,447
DA:155,1
DA:161,58
DA:163,40
DA:165,115
DA:167,185
DA:169,72
DA:171,135
DA:173,404
DA:175,250
DA:177,1330
DA:185,250
DA:186,250
DA:187,250
DA:188,250
DA:189,250
DA:193,250
DA:197,1330
DA:198,1330
DA:199,1330
DA:202,1330
DA:203,1330
DA:205,1
DA:214,1329
DA:218,1329
DA:232,450
DA:233,450
DA:234,450
DA:236,450
DA:238,12
DA:240,450
DA:247,58
DA:259,40
DA:271,185
DA:283,115
DA:297,155
DA:298,155
DA:299,155
DA:301,155
DA:302,155
DA:304,1
DA:307,154
DA:312,154
DA:314,2
DA:316,154
DA:325,72
DA:337,135
DA:346,404
DA:347,404
DA:349,404
DA:351,3
DA:353,404
DA:361,1455
DA:362,1455
DA:363,2702
DA:366,1455
DA:367,1455
DA:368,2579
DA:371,1455
DA:372,1455
DA:375,1
DA:379,1458
DA:380,20444
DA:381,20444
DA:384,651415
DA:387,651415
DA:390,651415
DA:393,20444
DA:397,1
DA:398,1
DA:399,1
DA:400,1
DA:402,1
DA:403,448
DA:404,448
DA:405,448
DA:414,17
DA:416,575
DA:418,1
DA:419,449
DA:423,449
DA:427,449
DA:430,1
DA:431,448
DA:432,448
DA:433,448
DA:434,448
DA:435,448
DA:436,448
DA:437,448
DA:438,448
DA:440,448
DA:452,1
DA:453,449
DA:460,1
DA:461,449
DA:468,1
DA:469,449
DA:476,1
DA:477,448
DA:484,1
DA:485,449
DA:492,1
DA:493,448
DA:500,1
DA:501,449
DA:508,1
DA:509,450
DA:516,450
DA:517,450
DA:521,1
DA:525,1
DA:528,1
DA:529,450
DA:530,450
DA:531,137
DA:537,137
DA:539,137
DA:540,409
DA:541,409
DA:543,137
DA:546,450
DA:548,409
DA:559,450
DA:567,898
DA:570,1581
DA:571,1581
DA:572,1581
DA:573,1581
DA:574,1581
DA:580,898
DA:588,2693
DA:602,2830
DA:605,1020
DA:607,1020
DA:608,1020
DA:609,1020
DA:610,1020
DA:616,2830
DA:619,1
DA:625,1021
DA:627,1021
DA:629,227697
DA:630,227697
DA:632,2566
DA:634,3586
DA:640,1020
DA:642,1
DA:646,1
DA:650,27
DA:651,52
DA:655,1
DA:661,9
DA:666,8
DA:671,4
DA:677,1
DA:683,1
DA:690,1
DA:697,1
DA:703,3
DA:709,18
DA:714,6
LF:214
LH:214
BRDA:35,0,0,1
BRDA:35,0,1,1
BRDA:160,1,0,58
BRDA:160,1,1,40
BRDA:160,1,2,115
BRDA:160,1,3,185
BRDA:160,1,4,72
BRDA:160,1,5,135
BRDA:160,1,6,404
BRDA:160,1,7,250
BRDA:160,1,8,1330
BRDA:187,2,0,169
BRDA:187,2,1,81
BRDA:200,3,0,287
BRDA:200,3,1,1043
BRDA:234,4,0,218
BRDA:234,4,1,232
BRDA:299,5,0,23
BRDA:299,5,1,132
BRDA:390,6,0,651415
BRDA:390,6,1,21113
BRDA:393,7,0,20444
BRDA:393,7,1,4557
BRDA:628,8,0,228718
BRDA:628,8,1,227698
BRDA:660,9,0,9
BRDA:660,9,1,8
BRDA:660,9,2,4
BRDA:660,9,3,1
BRDA:660,9,4,1
BRDA:660,9,5,1
BRDA:660,9,6,1
BRDA:660,9,7,3
BRDA:660,9,8,18
BRDA:660,9,9,6
BRF:35
BRH:35
end_of_record
TN:
SF:C:\workspace\chevrotain\packages\chevrotain\src\parse\cst\cst.ts
FN:32,addTerminalToCst
FN:44,addNoneTerminalToCst
FN:63,(anonymous_8)
FN:67,NamedDSLMethodsCollectorVisitor
FN:72,(anonymous_10)
FN:115,(anonymous_11)
FN:119,(anonymous_12)
FN:123,(anonymous_13)
FN:127,(anonymous_14)
FN:137,(anonymous_15)
FN:141,(anonymous_16)
FN:145,(anonymous_17)
FN:171,analyzeCst
FN:182,(anonymous_19)
FN:190,(anonymous_20)
FNF:15
FNH:15
FNDA:127,addTerminalToCst
FNDA:39,addNoneTerminalToCst
FNDA:1,(anonymous_8)
FNDA:1315,NamedDSLMethodsCollectorVisitor
FNDA:1776,(anonymous_10)
FNDA:195,(anonymous_11)
FNDA:552,(anonymous_12)
FNDA:174,(anonymous_13)
FNDA:123,(anonymous_14)
FNDA:342,(anonymous_15)
FNDA:390,(anonymous_16)
FNDA:1188,(anonymous_17)
FNDA:271,analyzeCst
FNDA:441,(anonymous_19)
FNDA:17,(anonymous_20)
DA:1,1
DA:2,1
DA:3,1
DA:13,1
DA:23,1
DA:32,1
DA:38,103
DA:40,24
DA:44,1
DA:50,35
DA:52,4
DA:63,1
DA:64,1315
DA:68,1315
DA:69,1315
DA:72,1
DA:89,36
DA:105,42
DA:106,42
DA:111,42
DA:115,1
DA:116,195
DA:119,1
DA:120,552
DA:123,1
DA:124,174
DA:127,1
DA:130,123
DA:137,1
DA:138,342
DA:141,390
DA:142,390
DA:144,390
DA:145,390
DA:147,9
DA:149,6
DA:152,3
DA:154,9
DA:160,9
DA:169,1
DA:171,1
DA:182,271
DA:183,441
DA:184,441
DA:186,441
DA:189,441
DA:190,441
DA:191,17
DA:195,271
LF:49
LH:49
BRDA:68,0,0,1315
BRDA:68,0,1,1315
BRDA:84,1,0,42
BRDA:84,1,1,21
BRDA:84,1,2,15
BRDA:84,1,3,12
BRF:6
BRH:6
end_of_record
TN:
SF:C:\workspace\chevrotain\packages\chevrotain\src\parse\cst\cst_visitor.ts
FN:16,defaultVisit
FN:39,createBaseSemanticVisitorConstructor
FN:45,(anonymous_2)
FN:53,(anonymous_3)
FN:73,(anonymous_4)
FN:78,(anonymous_5)
FN:98,createBaseVisitorConstructorWithDefaults
FN:105,(anonymous_7)
FN:116,(anonymous_8)
FN:126,(anonymous_9)
FN:137,validateVisitor
FN:147,validateMissingCstMethods
FN:151,(anonymous_12)
FN:167,validateRedundantMethods
FNF:14
FNH:14
FNDA:2,defaultVisit
FNDA:2,createBaseSemanticVisitorConstructor
FNDA:7,(anonymous_2)
FNDA:12,(anonymous_3)
FNDA:8,(anonymous_4)
FNDA:4,(anonymous_5)
FNDA:2,createBaseVisitorConstructorWithDefaults
FNDA:1,(anonymous_7)
FNDA:6,(anonymous_8)
FNDA:1,(anonymous_9)
FNDA:8,validateVisitor
FNDA:8,validateMissingCstMethods
FNDA:24,(anonymous_12)
FNDA:8,validateRedundantMethods
DA:1,1
DA:12,1
DA:13,1
DA:16,1
DA:17,2
DA:18,2
DA:19,2
DA:20,4
DA:21,4
DA:22,4
DA:23,4
DA:24,4
DA:28,1
DA:30,1
DA:36,2
DA:39,1
DA:45,2
DA:50,2
DA:58,2
DA:63,2
DA:67,3
DA:69,7
DA:74,8
DA:76,4
DA:78,4
DA:80,4
DA:90,2
DA:91,2
DA:93,2
DA:95,2
DA:98,1
DA:105,2
DA:110,2
DA:115,2
DA:116,2
DA:117,6
DA:120,2
DA:121,2
DA:123,2
DA:126,1
DA:127,1
DA:128,1
DA:137,1
DA:141,8
DA:142,8
DA:144,8
DA:147,1
DA:151,8
DA:153,2
DA:163,8
DA:166,1
DA:167,1
DA:171,8
DA:180,2
DA:194,8
LF:55
LH:55
BRDA:126,0,0,1
BRDA:126,0,1,1
BRDA:175,1,0,48
BRDA:175,1,1,40
BRDA:175,1,2,40
BRDA:175,1,3,16
BRF:6
BRH:6
end_of_record
TN:
SF:C:\workspace\chevrotain\packages\chevrotain\src\parse\grammar\checks.ts
FN:57,validateGrammar
FN:65,(anonymous_7)
FN:68,(anonymous_8)
FN:79,(anonymous_9)
FN:82,(anonymous_10)
FN:104,(anonymous_11)
FN:118,(anonymous_12)
FN:122,(anonymous_13)
FN:126,(anonymous_14)
FN:154,validateNestedRulesNames
FN:159,(anonymous_16)
FN:164,(anonymous_17)
FN:167,(anonymous_18)
FN:180,validateDuplicateProductions
FN:193,(anonymous_20)
FN:197,(anonymous_21)
FN:222,identifyProductionForDuplicates
FN:230,getExtraProductionArgument
FN:240,(anonymous_24)
FN:243,(anonymous_26)
FN:247,(anonymous_27)
FN:251,(anonymous_28)
FN:257,(anonymous_29)
FN:261,(anonymous_30)
FN:267,(anonymous_31)
FN:271,(anonymous_32)
FN:275,(anonymous_33)
FN:285,validateRuleName
FN:305,validateNestedRuleName
FN:328,validateTokenName
FN:348,validateRuleDoesNotAlreadyExist
FN:357,(anonymous_38)
FN:383,validateRuleIsOverridden
FN:405,validateNoLeftRecursion
FN:435,(anonymous_41)
FN:450,getFirstNoneTerminal
FN:494,(anonymous_43)
FN:497,(anonymous_45)
FN:502,validateEmptyOrAlternative
FN:512,(anonymous_47)
FN:516,(anonymous_48)
FN:548,validateAmbiguousAlternationAlternatives
FN:562,(anonymous_50)
FN:572,(anonymous_51)
FN:600,(anonymous_52)
FN:603,(anonymous_54)
FN:609,(anonymous_55)
FN:613,(anonymous_56)
FN:619,(anonymous_57)
FN:624,validateTooManyAlts
FN:634,(anonymous_59)
FN:654,validateSomeNonEmptyLookaheadPath
FN:660,(anonymous_61)
FN:664,(anonymous_62)
FN:696,checkAlternativesAmbiguities
FN:705,(anonymous_64)
FN:706,(anonymous_65)
FN:708,(anonymous_66)
FN:733,(anonymous_67)
FN:736,(anonymous_68)
FN:758,checkPrefixAlternativesAmbiguities
FN:769,(anonymous_70)
FN:770,(anonymous_71)
FN:778,(anonymous_72)
FN:784,(anonymous_73)
FN:797,(anonymous_74)
FN:824,checkTerminalAndNoneTerminalsNameSpace
FN:831,(anonymous_76)
FN:833,(anonymous_77)
FN:849,validateDuplicateNestedRules
FN:855,(anonymous_79)
FN:860,(anonymous_80)
FN:862,(anonymous_81)
FN:866,(anonymous_82)
FN:867,(anonymous_83)
FNF:75
FNH:75
FNDA:266,validateGrammar
FNDA:437,(anonymous_7)
FNDA:437,(anonymous_8)
FNDA:427,(anonymous_9)
FNDA:427,(anonymous_10)
FNDA:1961,(anonymous_11)
FNDA:437,(anonymous_12)
FNDA:437,(anonymous_13)
FNDA:437,(anonymous_14)
FNDA:266,validateNestedRulesNames
FNDA:437,(anonymous_16)
FNDA:17,(anonymous_17)
FNDA:17,(anonymous_18)
FNDA:437,validateDuplicateProductions
FNDA:2121,(anonymous_20)
FNDA:17,(anonymous_21)
FNDA:2144,identifyProductionForDuplicates
FNDA:2161,getExtraProductionArgument
FNDA:440,(anonymous_24)
FNDA:235,(anonymous_26)
FNDA:67,(anonymous_27)
FNDA:114,(anonymous_28)
FNDA:58,(anonymous_29)
FNDA:41,(anonymous_30)
FNDA:187,(anonymous_31)
FNDA:130,(anonymous_32)
FNDA:1323,(anonymous_33)
FNDA:440,validateRuleName
FNDA:17,validateNestedRuleName
FNDA:1961,validateTokenName
FNDA:439,validateRuleDoesNotAlreadyExist
FNDA:1221,(anonymous_38)
FNDA:8,validateRuleIsOverridden
FNDA:532,validateNoLeftRecursion
FNDA:95,(anonymous_41)
FNDA:1449,getFirstNoneTerminal
FNDA:1293,(anonymous_43)
FNDA:391,(anonymous_45)
FNDA:427,validateEmptyOrAlternative
FNDA:130,(anonymous_47)
FNDA:266,(anonymous_48)
FNDA:427,validateAmbiguousAlternationAlternatives
FNDA:19,(anonymous_50)
FNDA:111,(anonymous_51)
FNDA:428,(anonymous_52)
FNDA:114,(anonymous_54)
FNDA:58,(anonymous_55)
FNDA:41,(anonymous_56)
FNDA:183,(anonymous_57)
FNDA:438,validateTooManyAlts
FNDA:131,(anonymous_59)
FNDA:260,validateSomeNonEmptyLookaheadPath
FNDA:427,(anonymous_61)
FNDA:396,(anonymous_62)
FNDA:111,checkAlternativesAmbiguities
FNDA:316,(anonymous_64)
FNDA:352,(anonymous_65)
FNDA:1104,(anonymous_66)
FNDA:18,(anonymous_67)
FNDA:36,(anonymous_68)
FNDA:111,checkPrefixAlternativesAmbiguities
FNDA:316,(anonymous_70)
FNDA:352,(anonymous_71)
FNDA:352,(anonymous_72)
FNDA:1440,(anonymous_73)
FNDA:30,(anonymous_74)
FNDA:266,checkTerminalAndNoneTerminalsNameSpace
FNDA:1961,(anonymous_76)
FNDA:437,(anonymous_77)
FNDA:266,validateDuplicateNestedRules
FNDA:437,(anonymous_79)
FNDA:17,(anonymous_80)
FNDA:16,(anonymous_81)
FNDA:1,(anonymous_82)
FNDA:2,(anonymous_83)
DA:1,1
DA:2,1
DA:16,1
DA:22,1
DA:23,1
DA:24,1
DA:32,1
DA:33,1
DA:34,1
DA:46,1
DA:57,1
DA:65,266
DA:66,437
DA:68,266
DA:69,437
DA:72,266
DA:73,266
DA:74,266
DA:79,260
DA:80,427
DA:82,260
DA:83,427
DA:91,260
DA:98,266
DA:104,266
DA:105,1961
DA:108,266
DA:113,266
DA:118,266
DA:119,437
DA:122,266
DA:123,437
DA:126,266
DA:127,437
DA:135,266
DA:158,266
DA:159,266
DA:160,437
DA:161,437
DA:162,437
DA:164,17
DA:166,437
DA:168,17
DA:177,266
DA:184,437
DA:185,437
DA:186,437
DA:188,437
DA:193,437
DA:194,2121
DA:197,437
DA:198,17
DA:199,17
DA:203,17
DA:212,17
DA:214,12
DA:217,17
DA:219,437
DA:222,1
DA:225,2144
DA:232,1321
DA:234,238
DA:236,602
DA:240,439
DA:241,439
DA:243,1
DA:244,235
DA:247,1
DA:248,67
DA:251,1
DA:254,114
DA:257,1
DA:258,58
DA:261,1
DA:264,41
DA:267,1
DA:268,187
DA:271,1
DA:272,130
DA:275,1
DA:276,1323
DA:278,1
DA:280,1
DA:281,1
DA:285,1
DA:289,440
DA:290,440
DA:293,8
DA:302,440
DA:305,1
DA:310,17
DA:314,1
DA:318,1
DA:325,17
DA:328,1
DA:332,1961
DA:333,1961
DA:336,1
DA:345,1961
DA:348,1
DA:354,439
DA:355,439
DA:359,439
DA:361,782
DA:366,1
DA:370,1
DA:377,439
DA:383,1
DA:388,8
DA:392,4
DA:395,4
DA:402,8
DA:405,1
DA:409,969
DA:411,532
DA:412,532
DA:414,463
DA:416,69
DA:417,69
DA:419,10
DA:431,69
DA:435,69
DA:436,95
DA:437,95
DA:438,95
DA:446,69
DA:450,1
DA:451,1449
DA:453,40
DA:455,1409
DA:459,115
DA:484,1409
DA:485,1409
DA:487,246
DA:488,246
DA:490,1163
DA:494,1292
DA:495,1292
DA:497,1
DA:498,391
DA:500,1
DA:502,1
DA:506,427
DA:507,427
DA:508,427
DA:510,427
DA:513,130
DA:514,130
DA:517,266
DA:524,16
DA:536,250
DA:540,130
DA:545,427
DA:548,1
DA:554,427
DA:555,427
DA:556,427
DA:558,427
DA:560,7
DA:563,19
DA:570,427
DA:573,111
DA:574,111
DA:579,111
DA:585,111
DA:592,111
DA:597,427
DA:600,427
DA:601,427
DA:603,1
DA:606,114
DA:609,1
DA:610,58
DA:613,1
DA:616,41
DA:619,1
DA:620,183
DA:622,1
DA:624,1
DA:628,438
DA:629,438
DA:630,438
DA:632,438
DA:636,1
DA:646,131
DA:651,438
DA:654,1
DA:659,260
DA:660,260
DA:661,427
DA:662,427
DA:663,427
DA:664,427
DA:665,396
DA:666,396
DA:667,396
DA:673,396
DA:675,8
DA:679,8
DA:688,260
DA:702,111
DA:703,111
DA:706,316
DA:707,352
DA:708,352
DA:713,36
DA:721,18
DA:722,18
DA:728,316
DA:733,111
DA:734,18
DA:736,36
DA:739,18
DA:746,18
DA:755,111
DA:764,111
DA:767,111
DA:770,316
DA:771,352
DA:773,316
DA:778,111
DA:779,352
DA:780,352
DA:782,352
DA:786,1440
DA:795,352
DA:798,30
DA:799,30
DA:801,30
DA:809,30
DA:818,352
DA:821,111
DA:829,266
DA:831,1961
DA:833,266
DA:834,437
DA:836,1
DA:838,1
DA:846,266
DA:853,266
DA:855,266
DA:856,437
DA:857,437
DA:858,437
DA:860,17
DA:862,437
DA:863,16
DA:866,437
DA:867,2
DA:868,1
DA:873,1
DA:881,266
LF:252
LH:252
BRDA:240,0,0,439
BRDA:240,0,1,439
BRDA:240,0,2,439
BRDA:409,1,0,437
BRDA:409,1,1,95
BRDA:486,2,0,1409
BRDA:486,2,1,342
BRDA:494,3,0,1292
BRDA:494,3,1,1292
BRDA:494,3,2,1292
BRDA:565,4,0,7
BRDA:565,4,1,12
BRDA:600,5,0,427
BRDA:600,5,1,427
BRDA:600,5,2,427
BRDA:710,6,0,1104
BRDA:710,6,1,752
BRDA:718,7,0,352
BRDA:718,7,1,36
BRDA:787,8,0,1440
BRDA:787,8,1,458
BRDA:799,9,0,13
BRDA:799,9,1,17
BRF:23
BRH:23
end_of_record
TN:
SF:C:\workspace\chevrotain\packages\chevrotain\src\parse\grammar\first.ts
FN:6,first
FN:29,firstForSequence
FN:49,firstForBranching
FN:52,(anonymous_3)
FN:59,firstForTerminal
FNF:5
FNH:5
FNDA:1261,first
FNDA:676,firstForSequence
FNDA:50,firstForBranching
FNDA:141,(anonymous_3)
FNDA:373,firstForTerminal
DA:1,1
DA:2,1
DA:3,1
DA:6,1
DA:17,162
DA:29,1
DA:30,676
DA:31,676
DA:32,676
DA:33,676
DA:36,676
DA:39,699
DA:40,699
DA:41,699
DA:42,699
DA:43,699
DA:46,676
DA:49,1
DA:50,50
DA:53,141
DA:56,50
DA:59,1
DA:60,373
LF:23
LH:23
BRDA:38,0,0,1375
BRDA:38,0,1,971
BRF:2
BRH:2
end_of_record
TN:
SF:C:\workspace\chevrotain\packages\chevrotain\src\parse\grammar\follow.ts
FN:12,(anonymous_6)
FN:15,ResyncFollowsWalker
FN:19,(anonymous_8)
FN:24,(anonymous_9)
FN:32,(anonymous_10)
FN:47,computeAllProdsFollows
FN:52,(anonymous_12)
FN:59,buildBetweenProdsFollowPrefix
FN:66,buildInProdFollowPrefix
FNF:9
FNH:9
FNDA:1,(anonymous_6)
FNDA:333,ResyncFollowsWalker
FNDA:333,(anonymous_8)
FNDA:1156,(anonymous_9)
FNDA:207,(anonymous_10)
FNDA:190,computeAllProdsFollows
FNDA:332,(anonymous_12)
FNDA:208,buildBetweenProdsFollowPrefix
FNDA:2,buildInProdFollowPrefix
DA:1,1
DA:2,1
DA:3,1
DA:4,1
DA:5,1
DA:6,1
DA:7,1
DA:12,1
DA:13,333
DA:15,333
DA:16,333
DA:19,1
DA:20,333
DA:21,333
DA:24,1
DA:32,1
DA:38,207
DA:40,207
DA:41,207
DA:42,207
DA:43,207
DA:45,1
DA:47,1
DA:50,190
DA:52,190
DA:53,332
DA:54,332
DA:56,190
DA:59,1
DA:63,208
DA:66,1
DA:67,2
DA:68,2
LF:33
LH:33
BRDA:16,0,0,333
BRDA:16,0,1,333
BRF:2
BRH:2
end_of_record
TN:
SF:C:\workspace\chevrotain\packages\chevrotain\src\parse\grammar\interpreter.ts
FN:36,(anonymous_0)
FN:46,AbstractNextPossibleTokensWalker
FN:50,(anonymous_2)
FN:71,(anonymous_3)
FN:78,(anonymous_4)
FN:94,(anonymous_5)
FN:109,(anonymous_6)
FN:113,NextAfterTokenWalker
FN:119,(anonymous_8)
FN:150,(anonymous_9)
FN:157,AbstractNextTerminalAfterProductionWalker
FN:161,(anonymous_11)
FN:167,(anonymous_12)
FN:168,(anonymous_14)
FN:186,(anonymous_15)
FN:187,(anonymous_17)
FN:205,(anonymous_18)
FN:206,(anonymous_20)
FN:225,(anonymous_21)
FN:226,(anonymous_23)
FN:253,possiblePathsFrom
FN:263,remainingPathWith
FN:267,getAlternativesForProd
FN:354,nextPossibleTokensAfter
FN:603,expandTopLevelRule
FNF:25
FNH:25
FNDA:1,(anonymous_0)
FNDA:48,AbstractNextPossibleTokensWalker
FNDA:48,(anonymous_2)
FNDA:220,(anonymous_3)
FNDA:81,(anonymous_4)
FNDA:80,(anonymous_5)
FNDA:1,(anonymous_6)
FNDA:48,NextAfterTokenWalker
FNDA:248,(anonymous_8)
FNDA:1,(anonymous_9)
FNDA:48,AbstractNextTerminalAfterProductionWalker
FNDA:48,(anonymous_11)
FNDA:29,(anonymous_12)
FNDA:29,(anonymous_14)
FNDA:6,(anonymous_15)
FNDA:6,(anonymous_17)
FNDA:11,(anonymous_18)
FNDA:13,(anonymous_20)
FNDA:6,(anonymous_21)
FNDA:8,(anonymous_23)
FNDA:6525,possiblePathsFrom
FNDA:4186,remainingPathWith
FNDA:4186,getAlternativesForProd
FNDA:328,nextPossibleTokensAfter
FNDA:2,expandTopLevelRule
DA:1,1
DA:2,1
DA:11,1
DA:12,1
DA:14,1
DA:36,1
DA:37,48
DA:41,48
DA:42,48
DA:43,48
DA:44,48
DA:46,48
DA:47,48
DA:50,1
DA:51,48
DA:54,1
DA:58,47
DA:59,47
DA:62,47
DA:63,47
DA:65,47
DA:66,47
DA:68,47
DA:71,267
DA:74,171
DA:78,1
DA:88,33
DA:89,33
DA:90,33
DA:94,1
DA:99,47
DA:100,47
DA:101,47
DA:103,33
DA:104,33
DA:107,1
DA:109,1
DA:110,48
DA:111,48
DA:113,48
DA:114,48
DA:115,48
DA:116,48
DA:119,1
DA:130,45
DA:131,45
DA:132,45
DA:133,45
DA:136,1
DA:150,1
DA:151,48
DA:157,48
DA:158,48
DA:161,1
DA:162,48
DA:163,48
DA:165,1
DA:167,1
DA:168,1
DA:174,28
DA:175,28
DA:177,9
DA:178,9
DA:181,1
DA:184,1
DA:186,1
DA:187,1
DA:193,5
DA:194,5
DA:196,4
DA:197,4
DA:200,1
DA:203,1
DA:205,1
DA:206,1
DA:212,10
DA:213,10
DA:215,9
DA:216,9
DA:219,3
DA:222,1
DA:225,1
DA:226,1
DA:232,5
DA:235,5
DA:238,4
DA:240,4
DA:243,3
DA:246,1
DA:253,1
DA:256,8629
DA:259,6525
DA:260,6525
DA:261,6525
DA:264,4186
DA:268,4186
DA:273,4186
DA:284,7613
DA:288,2103
DA:337,5145
DA:339,4057
DA:344,4057
DA:354,1
DA:360,328
DA:362,328
DA:363,328
DA:364,328
DA:366,328
DA:367,328
DA:369,328
DA:371,328
DA:372,328
DA:380,1016
DA:389,1
DA:391,87
DA:394,929
DA:395,929
DA:396,929
DA:397,929
DA:401,28
DA:404,901
DA:413,6
DA:600,328
DA:609,2
DA:610,2
DA:612,2
DA:614,2
DA:616,2
LF:128
LH:128
BRDA:47,0,0,48
BRDA:71,1,0,47
BRDA:71,1,1,173
BRDA:85,2,0,81
BRDA:85,2,1,37
BRDA:114,3,0,48
BRDA:125,4,0,248
BRDA:125,4,1,188
BRDA:125,4,2,47
BRDA:125,4,3,45
BRDA:158,5,0,48
BRDA:256,6,0,2104
BRDA:256,6,1,4421
BRDA:283,7,0,11670
BRDA:283,7,1,8225
BRDA:385,8,0,87
BRDA:385,8,1,44
BRF:17
BRH:17
end_of_record
TN:
SF:C:\workspace\chevrotain\packages\chevrotain\src\parse\grammar\keys.ts
FN:27,getKeyForAutomaticLookahead
FN:38,getKeyForAltIndex
FNF:2
FNH:2
FNDA:665,getKeyForAutomaticLookahead
FNDA:26,getKeyForAltIndex
DA:8,1
DA:9,1
DA:10,1
DA:12,1
DA:18,1
DA:19,1
DA:20,1
DA:21,1
DA:22,1
DA:23,1
DA:27,1
DA:33,665
DA:37,1
DA:38,1
DA:46,26
DA:47,26
LF:16
LH:16
BRF:0
BRH:0
end_of_record
TN:
SF:C:\workspace\chevrotain\packages\chevrotain\src\parse\grammar\lookahead.ts
FN:37,(anonymous_6)
FN:46,getProdType
FN:65,buildLookaheadFuncForOr
FN:99,buildLookaheadFuncForOptionalProd
FN:131,buildAlternativesLookAheadFunc
FN:138,(anonymous_11)
FN:139,(anonymous_12)
FN:149,(anonymous_13)
FN:153,(anonymous_14)
FN:191,(anonymous_15)
FN:197,(anonymous_16)
FN:198,(anonymous_17)
FN:202,(anonymous_18)
FN:216,(anonymous_19)
FN:226,(anonymous_20)
FN:254,buildSingleAlternativeLookaheadFunction
FN:259,(anonymous_22)
FN:277,(anonymous_23)
FN:283,(anonymous_24)
FN:285,(anonymous_25)
FN:293,(anonymous_26)
FN:299,(anonymous_27)
FN:321,(anonymous_28)
FN:324,RestDefinitionFinderWalker
FN:332,(anonymous_30)
FN:337,(anonymous_31)
FN:354,(anonymous_32)
FN:371,(anonymous_33)
FN:388,(anonymous_34)
FN:405,(anonymous_35)
FN:422,(anonymous_36)
FN:443,(anonymous_37)
FN:446,InsideDefinitionFinderVisitor
FN:453,(anonymous_39)
FN:465,(anonymous_40)
FN:469,(anonymous_41)
FN:473,(anonymous_42)
FN:477,(anonymous_43)
FN:483,(anonymous_44)
FN:487,(anonymous_45)
FN:492,lookAheadSequenceFromAlternatives
FN:496,getOtherPaths
FN:499,(anonymous_48)
FN:503,(anonymous_49)
FN:513,isUniquePrefix
FN:515,(anonymous_51)
FN:518,(anonymous_52)
FN:524,initializeArrayOfArrays
FN:532,(anonymous_54)
FN:585,getLookaheadPathsForOr
FN:598,getLookaheadPathsForOptionalProd
FN:624,containsPath
FN:628,(anonymous_58)
FN:631,(anonymous_59)
FN:639,isStrictPrefixOfPath
FN:645,(anonymous_61)
FN:651,areTokenCategoriesNotUsed
FN:654,(anonymous_63)
FN:655,(anonymous_64)
FN:656,(anonymous_65)
FNF:60
FNH:60
FNDA:1,(anonymous_6)
FNDA:402,getProdType
FNDA:69,buildLookaheadFuncForOr
FNDA:355,buildLookaheadFuncForOptionalProd
FNDA:76,buildAlternativesLookAheadFunc
FNDA:195,(anonymous_11)
FNDA:201,(anonymous_12)
FNDA:10,(anonymous_13)
FNDA:26,(anonymous_14)
FNDA:150,(anonymous_15)
FNDA:150,(anonymous_16)
FNDA:155,(anonymous_17)
FNDA:8,(anonymous_18)
FNDA:104,(anonymous_19)
FNDA:30,(anonymous_20)
FNDA:359,buildSingleAlternativeLookaheadFunction
FNDA:391,(anonymous_22)
FNDA:557,(anonymous_23)
FNDA:50,(anonymous_24)
FNDA:5,(anonymous_25)
FNDA:53,(anonymous_26)
FNDA:37,(anonymous_27)
FNDA:1,(anonymous_28)
FNDA:760,RestDefinitionFinderWalker
FNDA:760,(anonymous_30)
FNDA:4535,(anonymous_31)
FNDA:158,(anonymous_32)
FNDA:423,(anonymous_33)
FNDA:384,(anonymous_34)
FNDA:1842,(anonymous_35)
FNDA:1728,(anonymous_36)
FNDA:1,(anonymous_37)
FNDA:947,InsideDefinitionFinderVisitor
FNDA:4915,(anonymous_39)
FNDA:158,(anonymous_40)
FNDA:1879,(anonymous_41)
FNDA:425,(anonymous_42)
FNDA:384,(anonymous_43)
FNDA:1731,(anonymous_44)
FNDA:338,(anonymous_45)
FNDA:954,lookAheadSequenceFromAlternatives
FNDA:8247,getOtherPaths
FNDA:19299,(anonymous_48)
FNDA:4784,(anonymous_49)
FNDA:3998,isUniquePrefix
FNDA:6189,(anonymous_51)
FNDA:6008,(anonymous_52)
FNDA:4750,initializeArrayOfArrays
FNDA:2072,(anonymous_54)
FNDA:187,getLookaheadPathsForOr
FNDA:760,getLookaheadPathsForOptionalProd
FNDA:4551,containsPath
FNDA:6288,(anonymous_58)
FNDA:4482,(anonymous_59)
FNDA:458,isStrictPrefixOfPath
FNDA:100,(anonymous_61)
FNDA:424,areTokenCategoriesNotUsed
FNDA:908,(anonymous_63)
FNDA:1718,(anonymous_64)
FNDA:1539,(anonymous_65)
DA:1,1
DA:11,1
DA:12,1
DA:14,1
DA:18,1
DA:29,1
DA:37,1
DA:38,1
DA:39,1
DA:40,1
DA:41,1
DA:42,1
DA:43,1
DA:46,1
DA:49,1
DA:65,1
DA:73,69
DA:75,69
DA:79,69
DA:99,1
DA:111,355
DA:118,355
DA:122,355
DA:131,1
DA:137,76
DA:138,76
DA:139,195
DA:140,201
DA:149,10
DA:153,26
DA:155,10
DA:156,19
DA:157,19
DA:159,19
DA:165,4
DA:167,15
DA:168,15
DA:169,15
DA:170,15
DA:171,21
DA:175,6
DA:180,9
DA:186,1
DA:191,52
DA:192,150
DA:195,52
DA:198,150
DA:200,149
DA:202,155
DA:204,5
DA:208,150
DA:216,52
DA:217,104
DA:218,104
DA:226,14
DA:227,30
DA:228,59
DA:229,59
DA:230,59
DA:231,81
DA:232,81
DA:233,81
DA:234,143
DA:238,57
DA:243,24
DA:249,6
DA:254,1
DA:259,359
DA:260,391
DA:263,359
DA:268,340
DA:274,321
DA:275,321
DA:277,321
DA:278,557
DA:281,19
DA:284,50
DA:285,50
DA:286,5
DA:288,50
DA:293,19
DA:294,53
DA:295,53
DA:299,19
DA:300,37
DA:301,46
DA:302,46
DA:303,46
DA:304,109
DA:308,23
DA:312,23
DA:316,14
DA:321,1
DA:325,760
DA:326,760
DA:327,760
DA:329,760
DA:332,1
DA:333,760
DA:334,760
DA:337,1
DA:347,762
DA:348,762
DA:351,3773
DA:354,1
DA:367,104
DA:371,1
DA:384,322
DA:388,1
DA:401,320
DA:405,1
DA:418,1513
DA:422,1
DA:435,1514
DA:438,1
DA:443,1
DA:444,947
DA:447,947
DA:448,947
DA:450,947
DA:453,1
DA:461,957
DA:465,1
DA:466,158
DA:469,1
DA:470,1879
DA:473,1
DA:474,425
DA:477,1
DA:480,384
DA:483,1
DA:484,1731
DA:487,1
DA:488,338
DA:490,1
DA:492,1
DA:497,8247
DA:501,11052
DA:503,4784
DA:505,11052
DA:507,8247
DA:514,3998
DA:516,6189
DA:518,6008
DA:525,4750
DA:526,4750
DA:527,10319
DA:529,4750
DA:532,2072
DA:533,954
DA:534,954
DA:537,954
DA:538,3796
DA:539,3796
DA:542,3796
DA:543,8247
DA:544,8247
DA:548,8247
DA:553,3998
DA:554,3998
DA:555,3998
DA:564,3763
DA:566,3761
DA:569,235
DA:574,235
DA:582,954
DA:585,1
DA:590,187
DA:594,187
DA:595,187
DA:598,1
DA:604,760
DA:608,760
DA:609,760
DA:611,760
DA:616,760
DA:618,760
DA:619,760
DA:621,760
DA:624,1
DA:628,4551
DA:629,6288
DA:632,4482
DA:636,4551
DA:639,1
DA:643,458
DA:646,100
DA:651,1
DA:654,424
DA:655,908
DA:656,1718
LF:191
LH:191
BRDA:37,0,0,1
BRDA:37,0,1,1
BRDA:76,1,0,68
BRDA:76,1,1,1
BRDA:119,2,0,354
BRDA:119,2,1,1
BRDA:161,3,0,19
BRDA:161,3,1,10
BRDA:188,4,0,66
BRDA:188,4,1,52
BRDA:267,5,0,359
BRDA:267,5,1,340
BRDA:271,6,0,340
BRDA:271,6,1,322
BRDA:329,7,0,760
BRDA:329,7,1,760
BRDA:344,8,0,4535
BRDA:344,8,1,767
BRDA:450,9,0,947
BRDA:450,9,1,947
BRDA:458,10,0,4915
BRDA:458,10,1,1023
BRDA:560,11,0,3998
BRDA:560,11,1,923
BRDA:560,11,2,249
BRDA:630,12,0,6288
BRDA:630,12,1,4321
BRDA:644,13,0,458
BRDA:644,13,1,76
BRF:29
BRH:29
end_of_record
TN:
SF:C:\workspace\chevrotain\packages\chevrotain\src\parse\grammar\resolver.ts
FN:14,resolveGrammar
FN:23,(anonymous_7)
FN:27,GastRefResolverVisitor
FN:34,(anonymous_9)
FN:35,(anonymous_10)
FN:41,(anonymous_11)
FNF:6
FNH:6
FNDA:271,resolveGrammar
FNDA:1,(anonymous_7)
FNDA:272,GastRefResolverVisitor
FNDA:272,(anonymous_9)
FNDA:442,(anonymous_10)
FNDA:239,(anonymous_11)
DA:2,1
DA:6,1
DA:8,1
DA:14,1
DA:18,271
DA:19,271
DA:20,271
DA:23,1
DA:24,272
DA:28,272
DA:29,272
DA:31,272
DA:34,272
DA:35,272
DA:36,442
DA:37,442
DA:41,1
DA:42,239
DA:45,7
DA:49,7
DA:56,232
DA:59,1
LF:22
LH:22
BRDA:31,0,0,272
BRDA:31,0,1,272
BRF:2
BRH:2
end_of_record
TN:
SF:C:\workspace\chevrotain\packages\chevrotain\src\parse\grammar\rest.ts
FN:19,(anonymous_0)
FN:20,(anonymous_2)
FN:21,(anonymous_3)
FN:48,(anonymous_4)
FN:54,(anonymous_5)
FN:60,(anonymous_6)
FN:70,(anonymous_7)
FN:80,(anonymous_8)
FN:92,(anonymous_9)
FN:106,(anonymous_10)
FN:118,(anonymous_11)
FN:132,(anonymous_12)
FN:140,(anonymous_13)
FN:150,restForRepetitionWithSeparator
FNF:14
FNH:14
FNDA:1190,(anonymous_0)
FNDA:6173,(anonymous_2)
FNDA:11540,(anonymous_3)
FNDA:4230,(anonymous_4)
FNDA:40,(anonymous_5)
FNDA:338,(anonymous_6)
FNDA:3895,(anonymous_7)
FNDA:65,(anonymous_8)
FNDA:43,(anonymous_9)
FNDA:199,(anonymous_10)
FNDA:116,(anonymous_11)
FNDA:112,(anonymous_12)
FNDA:345,(anonymous_13)
FNDA:159,restForRepetitionWithSeparator
DA:1,1
DA:2,1
DA:19,1
DA:20,7314
DA:21,6173
DA:22,11540
DA:25,328
DA:48,1
DA:54,1
DA:60,1
DA:66,338
DA:67,338
DA:70,1
DA:76,3895
DA:77,3895
DA:80,1
DA:86,65
DA:89,65
DA:92,1
DA:98,43
DA:103,43
DA:106,1
DA:112,199
DA:115,199
DA:118,1
DA:124,116
DA:129,116
DA:132,112
DA:138,112
DA:140,112
DA:144,345
DA:145,345
DA:148,1
DA:158,159
DA:162,159
LF:35
LH:35
BRDA:20,0,0,1141
BRDA:20,0,1,5032
BRF:2
BRH:2
end_of_record
TN:
SF:C:\workspace\chevrotain\packages\chevrotain\src\parse\grammar\gast\gast.ts
FN:19,isSequenceProd
FN:32,isOptionalProd
FN:49,(anonymous_8)
FN:61,(anonymous_9)
FN:70,isBranchingProd
FN:74,getProductionDslName
FN:97,(anonymous_12)
FN:109,(anonymous_14)
FN:118,(anonymous_15)
FN:126,(anonymous_16)
FN:130,(anonymous_17)
FN:136,(anonymous_18)
FN:140,(anonymous_19)
FN:146,(anonymous_20)
FN:150,(anonymous_21)
FNF:15
FNH:15
FNDA:726,isSequenceProd
FNDA:3567,isOptionalProd
FNDA:450,(anonymous_8)
FNDA:1009,(anonymous_9)
FNDA:50,isBranchingProd
FNDA:2213,getProductionDslName
FNDA:3,(anonymous_12)
FNDA:22,(anonymous_14)
FNDA:6,(anonymous_15)
FNDA:4,(anonymous_16)
FNDA:4,(anonymous_17)
FNDA:4,(anonymous_18)
FNDA:4,(anonymous_19)
FNDA:4,(anonymous_20)
FNDA:4,(anonymous_21)
DA:1,1
DA:2,1
DA:15,1
DA:16,1
DA:19,1
DA:20,726
DA:32,1
DA:34,5675
DA:37,3567
DA:41,468
DA:49,181
DA:50,450
DA:54,10
DA:57,503
DA:59,1000
DA:62,1009
DA:66,1908
DA:70,1
DA:71,50
DA:74,1
DA:77,244
DA:97,2
DA:99,2
DA:100,2
DA:109,1
DA:111,22
DA:113,4
DA:115,22
DA:118,1
DA:119,6
DA:121,2
DA:123,6
DA:126,1
DA:127,4
DA:130,1
DA:133,4
DA:136,1
DA:137,4
DA:140,1
DA:143,4
DA:146,1
DA:147,4
DA:150,1
DA:151,4
DA:153,1
LF:45
LH:45
BRDA:21,0,0,726
BRDA:21,0,1,329
BRDA:21,0,2,234
BRDA:21,0,3,212
BRDA:21,0,4,212
BRDA:21,0,5,212
BRDA:21,0,6,212
BRDA:21,0,7,212
BRDA:34,1,0,2108
BRDA:34,1,1,1459
BRDA:37,2,0,3567
BRDA:37,2,1,3416
BRDA:37,2,2,3207
BRDA:52,3,0,2918
BRDA:52,3,1,513
BRDA:97,4,0,2
BRDA:97,4,1,2
BRDA:97,4,2,2
BRF:18
BRH:18
end_of_record
TN:
SF:C:\workspace\chevrotain\packages\chevrotain\src\parse\grammar\gast\gast_public.ts
FN:12,(anonymous_6)
FN:13,AbstractProduction
FN:15,(anonymous_8)
FN:17,(anonymous_9)
FN:23,(anonymous_10)
FN:29,NonTerminal
FN:35,(anonymous_12)
FN:42,(anonymous_13)
FN:38,(anonymous_14)
FN:49,(anonymous_15)
FN:55,(anonymous_16)
FN:59,Rule
FN:65,(anonymous_18)
FN:69,(anonymous_19)
FN:74,Flat
FN:76,(anonymous_21)
FN:80,(anonymous_22)
FN:85,Option
FN:91,(anonymous_24)
FN:95,(anonymous_25)
FN:100,RepetitionMandatory
FN:106,(anonymous_27)
FN:110,(anonymous_28)
FN:116,RepetitionMandatoryWithSeparator
FN:123,(anonymous_30)
FN:127,(anonymous_31)
FN:133,Repetition
FN:139,(anonymous_33)
FN:143,(anonymous_34)
FN:149,RepetitionWithSeparator
FN:156,(anonymous_36)
FN:160,(anonymous_37)
FN:165,Alternation
FN:171,(anonymous_39)
FN:175,(anonymous_40)
FN:179,Terminal
FN:180,(anonymous_42)
FN:183,(anonymous_43)
FN:233,serializeGrammar
FN:237,serializeProduction
FN:238,convertDefinition
FNF:41
FNH:41
FNDA:1,(anonymous_6)
FNDA:6953,AbstractProduction
FNDA:20160,(anonymous_8)
FNDA:35770,(anonymous_9)
FNDA:1,(anonymous_10)
FNDA:570,NonTerminal
FNDA:1122,(anonymous_12)
FNDA:797,(anonymous_13)
FNDA:570,(anonymous_14)
FNDA:2625,(anonymous_15)
FNDA:1,(anonymous_16)
FNDA:519,Rule
FNDA:1494,(anonymous_18)
FNDA:1,(anonymous_19)
FNDA:2909,Flat
FNDA:2918,(anonymous_21)
FNDA:1,(anonymous_22)
FNDA:555,Option
FNDA:591,(anonymous_24)
FNDA:1,(anonymous_25)
FNDA:81,RepetitionMandatory
FNDA:91,(anonymous_27)
FNDA:1,(anonymous_28)
FNDA:61,RepetitionMandatoryWithSeparator
FNDA:172,(anonymous_30)
FNDA:1,(anonymous_31)
FNDA:1949,Repetition
FNDA:2036,(anonymous_33)
FNDA:1,(anonymous_34)
FNDA:133,RepetitionWithSeparator
FNDA:388,(anonymous_36)
FNDA:1,(anonymous_37)
FNDA:176,Alternation
FNDA:194,(anonymous_39)
FNDA:1,(anonymous_40)
FNDA:2631,Terminal
FNDA:4021,(anonymous_42)
FNDA:17849,(anonymous_43)
FNDA:5,serializeGrammar
FNDA:147,serializeProduction
FNDA:61,convertDefinition
DA:1,1
DA:2,1
DA:12,1
DA:13,6953
DA:15,1
DA:16,20160
DA:17,20160
DA:18,35770
DA:21,1
DA:23,1
DA:27,570
DA:34,570
DA:35,1122
DA:44,780
DA:46,17
DA:49,1
DA:50,2625
DA:53,1
DA:55,1
DA:57,519
DA:64,519
DA:65,1494
DA:67,1
DA:69,1
DA:75,2909
DA:76,2918
DA:78,1
DA:80,1
DA:82,555
DA:90,555
DA:91,591
DA:93,1
DA:95,1
DA:98,81
DA:105,81
DA:106,91
DA:108,1
DA:110,1
DA:113,61
DA:122,61
DA:123,172
DA:125,1
DA:127,1
DA:130,1949
DA:138,1949
DA:139,2036
DA:141,1
DA:143,1
DA:146,133
DA:155,133
DA:156,388
DA:158,1
DA:160,1
DA:162,176
DA:170,176
DA:171,194
DA:173,1
DA:175,1
DA:177,2631
DA:180,4021
DA:183,1
DA:184,17849
DA:186,1
DA:233,1
DA:234,5
DA:237,1
DA:239,61
DA:243,30
LF:68
LH:68
BRDA:34,0,0,570
BRDA:34,0,1,570
BRDA:64,1,0,519
BRDA:64,1,1,519
BRDA:75,2,0,2909
BRDA:75,2,1,2909
BRDA:90,3,0,555
BRDA:90,3,1,555
BRDA:105,4,0,81
BRDA:105,4,1,81
BRDA:122,5,0,61
BRDA:122,5,1,61
BRDA:138,6,0,1949
BRDA:138,6,1,1949
BRDA:155,7,0,133
BRDA:155,7,1,133
BRDA:170,8,0,176
BRDA:170,8,1,176
BRF:18
BRH:18
end_of_record
TN:
SF:C:\workspace\chevrotain\packages\chevrotain\src\parse\grammar\gast\gast_resolver_public.ts
FN:21,resolveGrammar
FN:30,(anonymous_1)
FN:36,validateGrammar
FN:59,assignOccurrenceIndices
FN:60,(anonymous_4)
FN:63,(anonymous_5)
FN:66,(anonymous_6)
FNF:7
FNH:7
FNDA:271,resolveGrammar
FNDA:441,(anonymous_1)
FNDA:265,validateGrammar
FNDA:1,assignOccurrenceIndices
FNDA:1,(anonymous_4)
FNDA:9,(anonymous_5)
FNDA:26,(anonymous_6)
DA:3,1
DA:4,1
DA:5,1
DA:6,1
DA:7,1
DA:11,1
DA:21,1
DA:25,271
DA:29,271
DA:30,271
DA:31,441
DA:33,271
DA:36,1
DA:44,265
DA:49,265
DA:59,1
DA:60,1
DA:61,1
DA:62,1
DA:63,1
DA:64,9
DA:67,26
LF:22
LH:22
BRF:0
BRH:0
end_of_record
TN:
SF:C:\workspace\chevrotain\packages\chevrotain\src\parse\grammar\gast\gast_visitor_public.ts
FN:15,(anonymous_0)
FN:16,(anonymous_2)
FN:43,(anonymous_3)
FN:45,(anonymous_4)
FN:47,(anonymous_5)
FN:49,(anonymous_6)
FN:51,(anonymous_7)
FN:53,(anonymous_8)
FN:57,(anonymous_9)
FN:59,(anonymous_10)
FN:61,(anonymous_11)
FN:63,(anonymous_12)
FNF:12
FNH:12
FNDA:4695,(anonymous_0)
FNDA:40634,(anonymous_2)
FNDA:2145,(anonymous_3)
FNDA:5027,(anonymous_4)
FNDA:325,(anonymous_5)
FNDA:733,(anonymous_6)
FNDA:232,(anonymous_7)
FNDA:164,(anonymous_8)
FNDA:456,(anonymous_9)
FNDA:260,(anonymous_10)
FNDA:16504,(anonymous_11)
FNDA:4864,(anonymous_12)
DA:1,1
DA:15,1
DA:16,1
DA:43,1
DA:45,1
DA:47,1
DA:49,1
DA:51,1
DA:53,1
DA:57,1
DA:59,1
DA:61,1
DA:63,1
DA:64,1
LF:14
LH:14
BRF:0
BRH:0
end_of_record
TN:
SF:C:\workspace\chevrotain\packages\chevrotain\src\parse\parser\parser.ts
FN:71,(anonymous_0)
FN:75,(anonymous_1)
FN:127,EMPTY_ALT
FN:128,(anonymous_3)
FN:221,Parser
FN:145,(anonymous_6)
FN:149,(anonymous_7)
FN:161,(anonymous_8)
FN:207,(anonymous_9)
FNF:9
FNH:9
FNDA:16,(anonymous_0)
FNDA:1,(anonymous_1)
FNDA:4,EMPTY_ALT
FNDA:3,(anonymous_3)
FNDA:299,Parser
FNDA:1,(anonymous_6)
FNDA:271,(anonymous_7)
FNDA:3,(anonymous_8)
FNDA:111,(anonymous_9)
DA:1,1
DA:2,1
DA:10,1
DA:11,1
DA:12,1
DA:13,1
DA:14,1
DA:18,1
DA:33,1
DA:34,1
DA:35,1
DA:36,1
DA:37,1
DA:38,1
DA:40,1
DA:42,1
DA:44,1
DA:54,1
DA:60,1
DA:70,1
DA:71,16
DA:75,1
DA:76,1
DA:77,1
DA:78,1
DA:79,1
DA:80,1
DA:81,1
DA:82,1
DA:83,1
DA:84,1
DA:85,1
DA:86,1
DA:87,1
DA:88,1
DA:89,1
DA:90,1
DA:127,5
DA:128,4
DA:129,3
DA:133,1
DA:140,1
DA:145,1
DA:146,1
DA:149,271
DA:152,271
DA:153,271
DA:155,271
DA:157,1
DA:161,1
DA:162,3
DA:166,271
DA:169,271
DA:174,265
DA:183,265
DA:191,189
DA:192,189
DA:195,271
DA:199,271
DA:205,75
DA:207,111
DA:209,75
DA:217,299
DA:218,299
DA:219,299
DA:223,424
DA:225,299
DA:226,299
DA:227,299
DA:228,299
DA:229,299
DA:230,294
DA:231,294
DA:232,294
DA:234,294
DA:238,1
DA:240,1
LF:77
LH:77
BRDA:75,0,0,1
BRDA:75,0,1,1
BRDA:127,1,0,1
BRDA:127,1,1,3
BRDA:223,2,0,125
BRDA:223,2,1,174
BRDA:235,3,0,127
BRDA:235,3,1,167
BRDA:202,4,0,271
BRDA:202,4,1,264
BRF:10
BRH:10
end_of_record
TN:
SF:C:\workspace\chevrotain\packages\chevrotain\src\parse\parser\traits\context_assist.ts
FN:14,(anonymous_0)
FN:15,(anonymous_2)
FN:17,(anonymous_3)
FN:40,(anonymous_4)
FNF:4
FNH:4
FNDA:1,(anonymous_0)
FNDA:294,(anonymous_2)
FNDA:3,(anonymous_3)
FNDA:26,(anonymous_4)
DA:7,1
DA:11,1
DA:14,1
DA:15,1
DA:17,1
DA:22,3
DA:25,1
DA:30,2
DA:40,1
DA:44,26
DA:45,26
DA:46,26
DA:47,26
DA:51,26
DA:53,1
LF:15
LH:15
BRF:0
BRH:0
end_of_record
TN:
SF:C:\workspace\chevrotain\packages\chevrotain\src\parse\parser\traits\error_handler.ts
FN:23,(anonymous_0)
FN:27,(anonymous_2)
FN:35,(anonymous_3)
FN:54,(anonymous_4)
FN:58,(anonymous_5)
FN:63,(anonymous_6)
FN:96,(anonymous_7)
FNF:7
FNH:7
FNDA:1,(anonymous_0)
FNDA:299,(anonymous_2)
FNDA:65,(anonymous_3)
FNDA:143,(anonymous_4)
FNDA:293,(anonymous_5)
FNDA:9,(anonymous_6)
FNDA:7,(anonymous_7)
DA:6,1
DA:11,1
DA:12,1
DA:18,1
DA:23,1
DA:27,1
DA:28,299
DA:29,299
DA:35,1
DA:40,64
DA:44,64
DA:45,64
DA:47,1
DA:55,143
DA:59,293
DA:63,1
DA:69,9
DA:70,9
DA:71,9
DA:77,9
DA:78,9
DA:79,9
DA:80,27
DA:82,9
DA:90,9
DA:96,1
DA:101,7
DA:102,7
DA:104,7
DA:110,7
DA:111,7
DA:112,25
DA:114,7
DA:116,7
DA:124,7
DA:128,1
LF:36
LH:36
BRF:0
BRH:0
end_of_record
TN:
SF:C:\workspace\chevrotain\packages\chevrotain\src\parse\parser\traits\lexer_adapter.ts
FN:12,(anonymous_0)
FN:17,(anonymous_2)
FN:29,(anonymous_3)
FN:23,(anonymous_4)
FN:34,(anonymous_5)
FN:45,(anonymous_6)
FN:57,(anonymous_7)
FN:61,(anonymous_8)
FN:65,(anonymous_9)
FN:69,(anonymous_10)
FN:73,(anonymous_11)
FN:77,(anonymous_12)
FNF:12
FNH:12
FNDA:1,(anonymous_0)
FNDA:299,(anonymous_2)
FNDA:1,(anonymous_3)
FNDA:281,(anonymous_4)
FNDA:49,(anonymous_5)
FNDA:2414,(anonymous_6)
FNDA:933,(anonymous_7)
FNDA:388,(anonymous_8)
FNDA:6,(anonymous_9)
FNDA:283,(anonymous_10)
FNDA:26,(anonymous_11)
FNDA:379,(anonymous_12)
DA:1,1
DA:12,1
DA:17,1
DA:18,299
DA:19,299
DA:20,299
DA:24,281
DA:25,281
DA:26,281
DA:30,1
DA:34,1
DA:36,47
DA:37,47
DA:39,2
DA:45,1
DA:51,434
DA:53,1980
DA:57,1
DA:58,933
DA:61,1
DA:62,388
DA:65,1
DA:66,6
DA:69,1
DA:70,283
DA:73,1
DA:74,26
DA:77,1
DA:78,379
DA:80,1
LF:30
LH:30
BRDA:48,0,0,2414
BRDA:48,0,1,2390
BRF:2
BRH:2
end_of_record
TN:
SF:C:\workspace\chevrotain\packages\chevrotain\src\parse\parser\traits\looksahead.ts
FN:26,(anonymous_0)
FN:31,(anonymous_2)
FN:55,(anonymous_3)
FN:68,(anonymous_4)
FN:84,(anonymous_5)
FN:97,(anonymous_6)
FN:108,(anonymous_7)
FN:127,(anonymous_8)
FN:140,(anonymous_9)
FN:153,(anonymous_10)
FN:166,(anonymous_11)
FN:179,(anonymous_12)
FN:192,(anonymous_13)
FN:223,(anonymous_14)
FN:235,(anonymous_15)
FNF:15
FNH:15
FNDA:1,(anonymous_0)
FNDA:299,(anonymous_2)
FNDA:349,(anonymous_3)
FNDA:65,(anonymous_4)
FNDA:597,(anonymous_5)
FNDA:116,(anonymous_6)
FNDA:182,(anonymous_7)
FNDA:69,(anonymous_8)
FNDA:170,(anonymous_9)
FNDA:103,(anonymous_10)
FNDA:39,(anonymous_11)
FNDA:22,(anonymous_12)
FNDA:403,(anonymous_13)
FNDA:519,(anonymous_14)
FNDA:417,(anonymous_15)
DA:1,1
DA:8,1
DA:14,1
DA:20,1
DA:26,1
DA:31,1
DA:32,299
DA:36,299
DA:47,299
DA:48,299
DA:55,1
DA:61,349
DA:68,1
DA:75,65
DA:84,1
DA:89,597
DA:90,597
DA:97,1
DA:102,116
DA:103,116
DA:105,66
DA:106,66
DA:108,66
DA:109,182
DA:111,66
DA:119,66
DA:120,66
DA:122,50
DA:127,1
DA:132,69
DA:140,1
DA:145,170
DA:153,1
DA:158,103
DA:166,1
DA:171,39
DA:179,1
DA:184,22
DA:192,1
DA:199,403
DA:201,351
DA:202,351
DA:203,351
DA:211,351
DA:212,351
DA:214,52
DA:223,1
DA:224,519
DA:235,1
DA:240,417
DA:247,1
LF:51
LH:51
BRDA:33,0,0,125
BRDA:33,0,1,174
BRDA:37,1,0,128
BRDA:37,1,1,171
BRF:4
BRH:4
end_of_record
TN:
SF:C:\workspace\chevrotain\packages\chevrotain\src\parse\parser\traits\parser_traits.ts
FNF:0
FNH:0
DA:8,1
DA:37,1
LF:2
LH:2
BRF:0
BRH:0
end_of_record
TN:
SF:C:\workspace\chevrotain\packages\chevrotain\src\parse\parser\traits\recognizer_api.ts
FN:34,(anonymous_0)
FN:35,(anonymous_2)
FN:43,(anonymous_3)
FN:51,(anonymous_4)
FN:59,(anonymous_5)
FN:67,(anonymous_6)
FN:75,(anonymous_7)
FN:83,(anonymous_8)
FN:91,(anonymous_9)
FN:99,(anonymous_10)
FN:107,(anonymous_11)
FN:115,(anonymous_12)
FN:123,(anonymous_13)
FN:131,(anonymous_14)
FN:139,(anonymous_15)
FN:147,(anonymous_16)
FN:155,(anonymous_17)
FN:163,(anonymous_18)
FN:171,(anonymous_19)
FN:179,(anonymous_20)
FN:187,(anonymous_21)
FN:195,(anonymous_22)
FN:202,(anonymous_23)
FN:209,(anonymous_24)
FN:216,(anonymous_25)
FN:223,(anonymous_26)
FN:230,(anonymous_27)
FN:237,(anonymous_28)
FN:244,(anonymous_29)
FN:251,(anonymous_30)
FN:258,(anonymous_31)
FN:265,(anonymous_32)
FN:272,(anonymous_33)
FN:279,(anonymous_34)
FN:286,(anonymous_35)
FN:293,(anonymous_36)
FN:300,(anonymous_37)
FN:307,(anonymous_38)
FN:314,(anonymous_39)
FN:321,(anonymous_40)
FN:328,(anonymous_41)
FN:335,(anonymous_42)
FN:342,(anonymous_43)
FN:349,(anonymous_44)
FN:356,(anonymous_45)
FN:363,(anonymous_46)
FN:370,(anonymous_47)
FN:377,(anonymous_48)
FN:384,(anonymous_49)
FN:391,(anonymous_50)
FN:398,(anonymous_51)
FN:405,(anonymous_52)
FN:409,(anonymous_53)
FN:413,(anonymous_54)
FN:417,(anonymous_55)
FN:421,(anonymous_56)
FN:425,(anonymous_57)
FN:429,(anonymous_58)
FN:433,(anonymous_59)
FN:437,(anonymous_60)
FN:441,(anonymous_61)
FN:445,(anonymous_62)
FN:452,(anonymous_63)
FN:459,(anonymous_64)
FN:466,(anonymous_65)
FN:473,(anonymous_66)
FN:480,(anonymous_67)
FN:487,(anonymous_68)
FN:494,(anonymous_69)
FN:501,(anonymous_70)
FN:508,(anonymous_71)
FN:515,(anonymous_72)
FN:522,(anonymous_73)
FN:529,(anonymous_74)
FN:536,(anonymous_75)
FN:543,(anonymous_76)
FN:550,(anonymous_77)
FN:557,(anonymous_78)
FN:564,(anonymous_79)
FN:571,(anonymous_80)
FN:578,(anonymous_81)
FN:585,(anonymous_82)
FN:629,(anonymous_83)
FN:660,(anonymous_84)
FN:665,(anonymous_85)
FN:687,(anonymous_86)
FN:691,(anonymous_87)
FNF:87
FNH:87
FNDA:1,(anonymous_0)
FNDA:364,(anonymous_2)
FNDA:422,(anonymous_3)
FNDA:123,(anonymous_4)
FNDA:4,(anonymous_5)
FNDA:5,(anonymous_6)
FNDA:1,(anonymous_7)
FNDA:3,(anonymous_8)
FNDA:3,(anonymous_9)
FNDA:3,(anonymous_10)
FNDA:2,(anonymous_11)
FNDA:117,(anonymous_12)
FNDA:20,(anonymous_13)
FNDA:20,(anonymous_14)
FNDA:2,(anonymous_15)
FNDA:2,(anonymous_16)
FNDA:3,(anonymous_17)
FNDA:2,(anonymous_18)
FNDA:3,(anonymous_19)
FNDA:1,(anonymous_20)
FNDA:1,(anonymous_21)
FNDA:20,(anonymous_22)
FNDA:2,(anonymous_23)
FNDA:2,(anonymous_24)
FNDA:5,(anonymous_25)
FNDA:5,(anonymous_26)
FNDA:5,(anonymous_27)
FNDA:15,(anonymous_28)
FNDA:5,(anonymous_29)
FNDA:5,(anonymous_30)
FNDA:5,(anonymous_31)
FNDA:82,(anonymous_32)
FNDA:6,(anonymous_33)
FNDA:2,(anonymous_34)
FNDA:2,(anonymous_35)
FNDA:2,(anonymous_36)
FNDA:2,(anonymous_37)
FNDA:6,(anonymous_38)
FNDA:8,(anonymous_39)
FNDA:2,(anonymous_40)
FNDA:4,(anonymous_41)
FNDA:76,(anonymous_42)
FNDA:12,(anonymous_43)
FNDA:10,(anonymous_44)
FNDA:10,(anonymous_45)
FNDA:10,(anonymous_46)
FNDA:10,(anonymous_47)
FNDA:10,(anonymous_48)
FNDA:10,(anonymous_49)
FNDA:10,(anonymous_50)
FNDA:10,(anonymous_51)
FNDA:11,(anonymous_52)
FNDA:12,(anonymous_53)
FNDA:10,(anonymous_54)
FNDA:10,(anonymous_55)
FNDA:10,(anonymous_56)
FNDA:10,(anonymous_57)
FNDA:10,(anonymous_58)
FNDA:10,(anonymous_59)
FNDA:10,(anonymous_60)
FNDA:10,(anonymous_61)
FNDA:22,(anonymous_62)
FNDA:5,(anonymous_63)
FNDA:2,(anonymous_64)
FNDA:2,(anonymous_65)
FNDA:1,(anonymous_66)
FNDA:1,(anonymous_67)
FNDA:1,(anonymous_68)
FNDA:1,(anonymous_69)
FNDA:1,(anonymous_70)
FNDA:1,(anonymous_71)
FNDA:8,(anonymous_72)
FNDA:4,(anonymous_73)
FNDA:2,(anonymous_74)
FNDA:2,(anonymous_75)
FNDA:1,(anonymous_76)
FNDA:1,(anonymous_77)
FNDA:1,(anonymous_78)
FNDA:1,(anonymous_79)
FNDA:1,(anonymous_80)
FNDA:1,(anonymous_81)
FNDA:445,(anonymous_82)
FNDA:6,(anonymous_83)
FNDA:6,(anonymous_84)
FNDA:5,(anonymous_85)
FNDA:497,(anonymous_86)
FNDA:3,(anonymous_87)
DA:16,1
DA:17,1
DA:18,1
DA:19,1
DA:20,1
DA:21,1
DA:23,1
DA:34,1
DA:35,1
DA:40,364
DA:43,1
DA:48,422
DA:51,1
DA:56,123
DA:59,1
DA:64,4
DA:67,1
DA:72,5
DA:75,1
DA:80,1
DA:83,1
DA:88,3
DA:91,1
DA:96,3
DA:99,1
DA:104,3
DA:107,1
DA:112,2
DA:115,1
DA:120,117
DA:123,1
DA:128,20
DA:131,1
DA:136,20
DA:139,1
DA:144,2
DA:147,1
DA:152,2
DA:155,1
DA:160,3
DA:163,1
DA:168,2
DA:171,1
DA:176,3
DA:179,1
DA:184,1
DA:187,1
DA:192,1
DA:195,1
DA:199,20
DA:202,1
DA:206,2
DA:209,1
DA:213,2
DA:216,1
DA:220,5
DA:223,1
DA:227,5
DA:230,1
DA:234,5
DA:237,1
DA:241,15
DA:244,1
DA:248,5
DA:251,1
DA:255,5
DA:258,1
DA:262,5
DA:265,1
DA:269,82
DA:272,1
DA:276,6
DA:279,1
DA:283,2
DA:286,1
DA:290,2
DA:293,1
DA:297,2
DA:300,1
DA:304,2
DA:307,1
DA:311,6
DA:314,1
DA:318,8
DA:321,1
DA:325,2
DA:328,1
DA:332,4
DA:335,1
DA:339,76
DA:342,1
DA:346,12
DA:349,1
DA:353,10
DA:356,1
DA:360,10
DA:363,1
DA:367,10
DA:370,1
DA:374,10
DA:377,1
DA:381,10
DA:384,1
DA:388,10
DA:391,1
DA:395,10
DA:398,1
DA:402,10
DA:405,1
DA:406,11
DA:409,1
DA:410,12
DA:413,1
DA:414,10
DA:417,1
DA:418,10
DA:421,1
DA:422,10
DA:425,1
DA:426,10
DA:429,1
DA:430,10
DA:433,1
DA:434,10
DA:437,1
DA:438,10
DA:441,1
DA:442,10
DA:445,1
DA:449,22
DA:452,1
DA:456,5
DA:459,1
DA:463,2
DA:466,1
DA:470,2
DA:473,1
DA:477,1
DA:480,1
DA:484,1
DA:487,1
DA:491,1
DA:494,1
DA:498,1
DA:501,1
DA:505,1
DA:508,1
DA:512,1
DA:515,1
DA:519,8
DA:522,1
DA:526,4
DA:529,1
DA:533,2
DA:536,1
DA:540,2
DA:543,1
DA:547,1
DA:550,1
DA:554,1
DA:557,1
DA:561,1
DA:564,1
DA:568,1
DA:571,1
DA:575,1
DA:578,1
DA:582,1
DA:585,1
DA:591,748
DA:594,5
DA:606,5
DA:609,445
DA:616,437
DA:621,437
DA:624,445
DA:625,443
DA:626,443
DA:629,1
DA:633,9
DA:635,6
DA:636,6
DA:643,6
DA:647,5
DA:652,5
DA:655,6
DA:656,6
DA:657,6
DA:660,1
DA:665,6
DA:667,5
DA:668,5
DA:670,5
DA:672,2
DA:675,2
DA:677,1
DA:680,5
DA:681,5
DA:687,1
DA:688,497
DA:691,1
DA:694,3
DA:696,1
LF:203
LH:203
BRDA:591,0,0,303
BRDA:591,0,1,142
BRDA:613,1,0,445
BRDA:613,1,1,440
BRDA:633,2,0,3
BRDA:633,2,1,3
BRF:6
BRH:6
end_of_record
TN:
SF:C:\workspace\chevrotain\packages\chevrotain\src\parse\parser\traits\recognizer_engine.ts
FN:76,(anonymous_0)
FN:92,(anonymous_2)
FN:138,(anonymous_3)
FN:152,(anonymous_4)
FN:175,(anonymous_5)
FN:188,(anonymous_6)
FN:219,invokeRuleWithTry
FN:285,(anonymous_8)
FN:303,(anonymous_9)
FN:322,(anonymous_10)
FN:331,(anonymous_11)
FN:346,(anonymous_12)
FN:362,(anonymous_13)
FN:388,(anonymous_14)
FN:400,(anonymous_15)
FN:419,(anonymous_16)
FN:457,(anonymous_17)
FN:476,(anonymous_18)
FN:488,(anonymous_19)
FN:508,(anonymous_20)
FN:545,(anonymous_21)
FN:568,(anonymous_22)
FN:577,(anonymous_23)
FN:596,(anonymous_24)
FN:621,(anonymous_25)
FN:640,(anonymous_26)
FN:652,(anonymous_27)
FN:669,(anonymous_28)
FN:699,(anonymous_29)
FN:736,(anonymous_30)
FN:752,(anonymous_31)
FN:772,(anonymous_32)
FN:820,(anonymous_33)
FN:841,(anonymous_34)
FN:873,(anonymous_35)
FN:945,(anonymous_36)
FN:958,(anonymous_37)
FN:964,(anonymous_38)
FN:976,(anonymous_39)
FN:980,(anonymous_40)
FN:985,(anonymous_41)
FN:989,(anonymous_42)
FN:993,(anonymous_43)
FNF:43
FNH:43
FNDA:1,(anonymous_0)
FNDA:299,(anonymous_2)
FNDA:1211,(anonymous_3)
FNDA:3,(anonymous_4)
FNDA:1686,(anonymous_5)
FNDA:451,(anonymous_6)
FNDA:364,invokeRuleWithTry
FNDA:364,(anonymous_8)
FNDA:12,(anonymous_9)
FNDA:57,(anonymous_10)
FNDA:69,(anonymous_11)
FNDA:6,(anonymous_12)
FNDA:7,(anonymous_13)
FNDA:32,(anonymous_14)
FNDA:39,(anonymous_15)
FNDA:12,(anonymous_16)
FNDA:5,(anonymous_17)
FNDA:17,(anonymous_18)
FNDA:22,(anonymous_19)
FNDA:4,(anonymous_20)
FNDA:7,(anonymous_21)
FNDA:163,(anonymous_22)
FNDA:170,(anonymous_23)
FNDA:11,(anonymous_24)
FNDA:7,(anonymous_25)
FNDA:96,(anonymous_26)
FNDA:103,(anonymous_27)
FNDA:4,(anonymous_28)
FNDA:2,(anonymous_29)
FNDA:191,(anonymous_30)
FNDA:96,(anonymous_31)
FNDA:20,(anonymous_32)
FNDA:364,(anonymous_33)
FNDA:171,(anonymous_34)
FNDA:911,(anonymous_35)
FNDA:5,(anonymous_36)
FNDA:5,(anonymous_37)
FNDA:364,(anonymous_38)
FNDA:76,(anonymous_39)
FNDA:523,(anonymous_40)
FNDA:159,(anonymous_41)
FNDA:190,(anonymous_42)
FNDA:288,(anonymous_43)
DA:18,1
DA:31,1
DA:41,1
DA:46,1
DA:47,1
DA:54,1
DA:60,1
DA:61,1
DA:63,1
DA:69,1
DA:76,1
DA:92,1
DA:96,299
DA:98,299
DA:99,299
DA:100,299
DA:101,299
DA:103,299
DA:104,299
DA:105,299
DA:106,299
DA:107,299
DA:108,299
DA:109,299
DA:110,299
DA:119,1
DA:127,1
DA:136,270
DA:139,1211
DA:140,1211
DA:148,1
DA:149,1
DA:150,1
DA:153,3
DA:154,3
DA:159,23
DA:161,3
DA:170,294
DA:173,294
DA:175,1686
DA:178,294
DA:185,294
DA:188,1
DA:195,2
DA:200,449
DA:203,449
DA:211,449
DA:215,449
DA:216,449
DA:217,449
DA:223,88
DA:224,67
DA:226,276
DA:229,50
DA:235,50
DA:241,12
DA:243,9
DA:245,3
DA:248,3
DA:249,3
DA:251,6
DA:255,2
DA:258,2
DA:259,2
DA:262,3
DA:266,26
DA:269,26
DA:272,9
DA:276,3
DA:279,364
DA:285,449
DA:286,550
DA:289,364
DA:294,364
DA:297,449
DA:298,449
DA:299,449
DA:303,1
DA:308,12
DA:309,12
DA:314,12
DA:317,6
DA:322,1
DA:327,57
DA:328,57
DA:331,69
DA:337,69
DA:341,13
DA:342,13
DA:345,6
DA:346,6
DA:347,6
DA:353,56
DA:357,39
DA:359,30
DA:362,1
DA:367,7
DA:371,7
DA:376,7
DA:383,1
DA:388,1
DA:393,32
DA:397,32
DA:400,39
DA:406,39
DA:414,11
DA:415,11
DA:418,6
DA:419,6
DA:420,12
DA:426,28
DA:430,32
DA:432,27
DA:435,7
DA:447,32
DA:457,1
DA:462,5
DA:466,5
DA:468,5
DA:471,1
DA:476,1
DA:481,17
DA:485,17
DA:488,22
DA:494,22
DA:495,22
DA:497,22
DA:504,20
DA:508,20
DA:509,4
DA:516,13
DA:518,13
DA:522,20
DA:537,2
DA:545,1
DA:550,7
DA:551,7
DA:556,7
DA:563,3
DA:568,1
DA:573,163
DA:574,163
DA:577,170
DA:583,170
DA:591,12
DA:592,12
DA:595,6
DA:596,6
DA:597,11
DA:603,158
DA:607,164
DA:611,166
DA:621,1
DA:626,7
DA:630,7
DA:632,7
DA:635,1
DA:640,1
DA:645,96
DA:649,96
DA:652,103
DA:658,103
DA:659,103
DA:661,103
DA:667,22
DA:669,22
DA:670,4
DA:676,11
DA:678,11
DA:682,22
DA:699,1
DA:710,2
DA:711,2
DA:720,2
DA:736,1
DA:737,191
DA:738,191
DA:739,188
DA:742,1
DA:749,187
DA:752,1
DA:757,96
DA:760,96
DA:761,96
DA:763,92
DA:764,92
DA:766,4
DA:772,1
DA:777,20
DA:778,20
DA:784,20
DA:788,20
DA:789,20
DA:791,17
DA:792,17
DA:799,17
DA:802,3
DA:809,3
DA:815,2
DA:820,1
DA:821,364
DA:822,364
DA:825,364
DA:828,13
DA:829,13
DA:835,13
DA:841,1
DA:849,171
DA:850,171
DA:851,160
DA:857,160
DA:860,2
DA:867,2
DA:869,11
DA:873,1
DA:881,911
DA:883,883
DA:884,883
DA:886,28
DA:887,28
DA:889,1
DA:891,27
DA:898,28
DA:911,16
DA:916,16
DA:926,9
DA:928,1
DA:932,12
DA:936,889
DA:942,889
DA:945,1
DA:947,5
DA:948,5
DA:949,5
DA:958,1
DA:959,5
DA:960,5
DA:961,5
DA:964,1
DA:970,364
DA:971,364
DA:973,364
DA:976,1
DA:977,76
DA:980,1
DA:981,523
DA:982,523
DA:985,1
DA:986,159
DA:989,1
DA:990,190
DA:993,1
DA:994,288
DA:996,288
DA:997,288
DA:998,288
DA:999,288
DA:1001,288
DA:1002,288
DA:1004,1
LF:260
LH:260
BRDA:111,0,0,127
BRDA:111,0,1,172
BRDA:145,1,0,27
BRDA:145,1,1,1
BRDA:179,2,0,281
BRDA:179,2,1,13
BRDA:201,3,0,308
BRDA:201,3,1,141
BRDA:204,4,0,448
BRDA:204,4,1,1
BRDA:235,5,0,50
BRDA:235,5,1,49
BRDA:235,5,2,48
BRDA:286,6,0,186
BRDA:286,6,1,178
BRDA:348,7,0,6
BRDA:348,7,1,3
BRDA:421,8,0,12
BRDA:421,8,1,9
BRDA:598,9,0,11
BRDA:598,9,1,8
BRDA:758,10,0,95
BRDA:758,10,1,1
BRDA:785,11,0,18
BRDA:785,11,1,2
BRDA:827,12,0,364
BRDA:827,12,1,190
BRDA:849,13,0,8
BRDA:849,13,1,163
BRDA:854,14,0,1
BRDA:854,14,1,159
BRDA:853,15,0,160
BRDA:853,15,1,7
BRDA:859,16,0,11
BRDA:859,16,1,11
BRDA:863,17,0,1
BRDA:863,17,1,1
BRDA:862,18,0,2
BRDA:862,18,1,1
BRDA:888,19,0,28
BRDA:888,19,1,1
BRDA:906,20,0,28
BRDA:906,20,1,16
BRDA:906,20,2,16
BRDA:938,21,0,2
BRDA:938,21,1,887
BRDA:937,22,0,889
BRDA:937,22,1,2
BRF:48
BRH:48
end_of_record
TN:
SF:C:\workspace\chevrotain\packages\chevrotain\src\parse\parser\traits\recoverable.ts
FN:38,InRuleRecoveryException
FN:48,(anonymous_1)
FN:53,(anonymous_3)
FN:69,(anonymous_4)
FN:84,(anonymous_5)
FN:88,(anonymous_6)
FN:104,(anonymous_7)
FN:149,(anonymous_8)
FN:189,(anonymous_9)
FN:199,(anonymous_10)
FN:218,(anonymous_11)
FN:229,(anonymous_12)
FN:245,(anonymous_13)
FN:252,(anonymous_14)
FN:263,(anonymous_15)
FN:272,(anonymous_16)
FN:287,(anonymous_17)
FN:303,(anonymous_18)
FN:310,(anonymous_19)
FN:314,(anonymous_20)
FN:319,(anonymous_21)
FN:331,(anonymous_22)
FN:332,(anonymous_23)
FN:338,(anonymous_24)
FN:357,(anonymous_25)
FN:368,(anonymous_26)
FN:379,(anonymous_27)
FN:392,(anonymous_28)
FN:408,(anonymous_29)
FN:410,(anonymous_30)
FN:414,(anonymous_31)
FN:421,attemptInRepetitionRecovery
FNF:32
FNH:32
FNDA:9,InRuleRecoveryException
FNDA:1,(anonymous_1)
FNDA:294,(anonymous_3)
FNDA:3,(anonymous_4)
FNDA:14,(anonymous_5)
FNDA:8,(anonymous_6)
FNDA:7,(anonymous_7)
FNDA:59,(anonymous_8)
FNDA:26,(anonymous_9)
FNDA:15,(anonymous_10)
FNDA:10,(anonymous_11)
FNDA:25,(anonymous_12)
FNDA:12,(anonymous_13)
FNDA:22,(anonymous_14)
FNDA:12,(anonymous_15)
FNDA:20,(anonymous_16)
FNDA:12,(anonymous_17)
FNDA:20,(anonymous_18)
FNDA:10,(anonymous_19)
FNDA:10,(anonymous_20)
FNDA:33,(anonymous_21)
FNDA:20,(anonymous_22)
FNDA:33,(anonymous_23)
FNDA:45,(anonymous_24)
FNDA:44,(anonymous_25)
FNDA:9,(anonymous_26)
FNDA:184,(anonymous_27)
FNDA:26,(anonymous_28)
FNDA:90,(anonymous_29)
FNDA:32,(anonymous_30)
FNDA:83,(anonymous_31)
FNDA:58,attemptInRepetitionRecovery
DA:1,1
DA:6,1
DA:22,1
DA:23,1
DA:25,1
DA:26,1
DA:28,1
DA:36,1
DA:38,1
DA:39,9
DA:40,9
DA:43,1
DA:48,1
DA:53,1
DA:54,294
DA:55,294
DA:57,294
DA:65,32
DA:69,1
DA:70,3
DA:80,3
DA:81,3
DA:84,1
DA:85,14
DA:88,8
DA:96,8
DA:97,8
DA:98,8
DA:99,8
DA:101,8
DA:102,8
DA:104,8
DA:105,7
DA:108,7
DA:114,7
DA:120,7
DA:121,7
DA:127,1
DA:128,1
DA:131,6
DA:133,6
DA:134,6
DA:136,1
DA:138,17
DA:139,17
DA:146,1
DA:149,1
DA:156,18
DA:161,30
DA:167,1
DA:182,2
DA:185,8
DA:189,1
DA:194,26
DA:195,26
DA:196,26
DA:199,1
DA:205,3
DA:206,3
DA:210,3
DA:211,3
DA:212,3
DA:215,9
DA:218,1
DA:223,10
DA:229,25
DA:235,5
DA:240,11
DA:243,9
DA:245,9
DA:246,12
DA:249,9
DA:252,1
DA:256,22
DA:260,22
DA:263,1
DA:267,12
DA:268,12
DA:269,12
DA:272,1
DA:273,20
DA:275,20
DA:276,20
DA:278,99
DA:280,20
DA:282,79
DA:283,79
DA:287,1
DA:290,3
DA:292,9
DA:293,9
DA:294,9
DA:296,9
DA:303,20
DA:304,20
DA:305,20
DA:308,5
DA:310,10
DA:312,5
DA:314,10
DA:319,20
DA:321,20
DA:323,13
DA:331,20
DA:332,20
DA:333,33
DA:335,20
DA:338,1
DA:343,23
DA:347,22
DA:352,22
DA:357,1
DA:363,42
DA:365,44
DA:368,1
DA:369,9
DA:370,9
DA:372,27
DA:373,27
DA:376,9
DA:379,1
DA:392,1
DA:397,26
DA:398,26
DA:406,26
DA:408,90
DA:410,20
DA:411,32
DA:414,70
DA:415,83
DA:419,1
DA:421,1
DA:430,58
DA:431,58
DA:433,36
DA:434,36
DA:435,36
DA:439,36
DA:440,36
DA:443,58
DA:444,58
DA:445,58
DA:454,12
DA:455,12
DA:467,8
LF:145
LH:145
BRDA:58,0,0,159
BRDA:58,0,1,135
BRDA:155,1,0,59
BRDA:155,1,1,41
BRDA:224,2,0,10
BRDA:224,2,1,10
BRDA:450,3,0,58
BRDA:450,3,1,27
BRDA:450,3,2,12
BRF:9
BRH:9
end_of_record
TN:
SF:C:\workspace\chevrotain\packages\chevrotain\src\parse\parser\traits\tree_builder.ts
FN:15,(anonymous_0)
FN:22,(anonymous_2)
FN:47,(anonymous_3)
FN:62,(anonymous_4)
FN:74,(anonymous_5)
FN:79,(anonymous_6)
FN:83,(anonymous_7)
FN:93,(anonymous_8)
FN:105,(anonymous_9)
FN:122,(anonymous_10)
FN:140,(anonymous_11)
FN:155,(anonymous_12)
FN:182,(anonymous_13)
FN:195,(anonymous_14)
FN:202,(anonymous_15)
FN:207,(anonymous_16)
FN:214,(anonymous_17)
FN:219,(anonymous_18)
FN:226,(anonymous_19)
FN:231,(anonymous_20)
FN:241,(anonymous_21)
FNF:21
FNH:21
FNDA:1,(anonymous_0)
FNDA:294,(anonymous_2)
FNDA:17,(anonymous_3)
FNDA:88,(anonymous_4)
FNDA:88,(anonymous_5)
FNDA:17,(anonymous_6)
FNDA:127,(anonymous_7)
FNDA:22,(anonymous_8)
FNDA:4,(anonymous_9)
FNDA:3,(anonymous_10)
FNDA:58,(anonymous_11)
FNDA:17,(anonymous_12)
FNDA:17,(anonymous_13)
FNDA:182,(anonymous_14)
FNDA:981,(anonymous_15)
FNDA:4,(anonymous_16)
FNDA:5,(anonymous_17)
FNDA:4,(anonymous_18)
FNDA:5,(anonymous_19)
FNDA:17,(anonymous_20)
FNDA:17,(anonymous_21)
DA:1,1
DA:2,1
DA:3,1
DA:8,1
DA:10,1
DA:15,1
DA:22,1
DA:23,294
DA:24,294
DA:25,294
DA:30,137
DA:31,137
DA:32,137
DA:33,137
DA:34,137
DA:35,137
DA:36,137
DA:37,137
DA:38,137
DA:39,137
DA:40,137
DA:41,137
DA:42,137
DA:47,1
DA:52,17
DA:62,1
DA:67,88
DA:68,88
DA:74,1
DA:75,88
DA:76,88
DA:79,1
DA:80,17
DA:83,1
DA:89,127
DA:90,127
DA:93,1
DA:98,22
DA:105,1
DA:111,2
DA:115,2
DA:116,2
DA:119,2
DA:122,1
DA:128,2
DA:133,2
DA:134,2
DA:137,1
DA:140,1
DA:147,14
DA:148,14
DA:149,14
DA:151,44
DA:155,1
DA:162,17
DA:163,17
DA:171,3
DA:172,3
DA:173,3
DA:178,14
DA:182,1
DA:187,17
DA:188,17
DA:189,17
DA:191,17
DA:192,17
DA:195,1
DA:196,182
DA:199,182
DA:202,1
DA:203,981
DA:204,981
DA:207,1
DA:208,4
DA:211,4
DA:214,1
DA:215,5
DA:216,5
DA:219,1
DA:220,4
DA:223,4
DA:226,1
DA:227,5
DA:228,5
DA:231,1
DA:236,17
DA:237,17
DA:238,17
DA:241,1
DA:242,17
DA:243,17
DA:246,17
DA:248,1
LF:93
LH:93
BRDA:26,0,0,282
BRDA:26,0,1,12
BRF:2
BRH:2
end_of_record
TN:
SF:C:\workspace\chevrotain\packages\chevrotain\src\scan\lexer.ts
FN:72,disableSticky
FN:76,enableSticky
FN:80,analyzeTokenTypes
FN:98,(anonymous_9)
FN:103,(anonymous_10)
FN:181,(anonymous_11)
FN:184,(anonymous_12)
FN:198,(anonymous_13)
FN:209,(anonymous_14)
FN:212,(anonymous_15)
FN:220,(anonymous_16)
FN:222,(anonymous_17)
FN:244,(anonymous_18)
FN:254,(anonymous_19)
FN:269,addToMapOfArrays
FN:282,(anonymous_21)
FN:287,(anonymous_22)
FN:321,(anonymous_23)
FN:362,validatePatterns
FN:388,validateRegExpPattern
FN:392,(anonymous_26)
FN:414,findMissingPatterns
FN:417,(anonymous_28)
FN:421,(anonymous_29)
FN:436,findInvalidPatterns
FN:439,(anonymous_31)
FN:449,(anonymous_32)
FN:467,findEndOfInputAnchor
FN:470,(anonymous_34)
FN:473,(anonymous_36)
FN:478,(anonymous_37)
FN:494,(anonymous_38)
FN:511,findEmptyMatchRegExps
FN:514,(anonymous_40)
FN:519,(anonymous_41)
FN:535,findStartOfInputAnchor
FN:538,(anonymous_43)
FN:541,(anonymous_45)
FN:546,(anonymous_46)
FN:561,(anonymous_47)
FN:578,findUnsupportedFlags
FN:581,(anonymous_49)
FN:588,(anonymous_50)
FN:603,findDuplicatePatterns
FN:607,(anonymous_52)
FN:610,(anonymous_53)
FN:630,(anonymous_54)
FN:634,(anonymous_55)
FN:635,(anonymous_56)
FN:654,findInvalidGroupType
FN:657,(anonymous_58)
FN:666,(anonymous_59)
FN:680,findModesThatDoNotExist
FN:684,(anonymous_61)
FN:691,(anonymous_62)
FN:708,findUnreachablePatterns
FN:715,(anonymous_64)
FN:734,(anonymous_65)
FN:735,(anonymous_66)
FN:758,testTokenType
FN:776,noMetaChar
FN:794,(anonymous_69)
FN:799,addStartOfInput
FN:806,addStickyFlag
FN:813,performRuntimeChecks
FN:857,(anonymous_73)
FN:858,(anonymous_74)
FN:875,performWarningRuntimeChecks
FN:883,(anonymous_76)
FN:888,(anonymous_77)
FN:892,(anonymous_78)
FN:936,cloneEmptyGroups
FN:942,(anonymous_80)
FN:957,isCustomPattern
FN:975,isShortPattern
FN:988,(anonymous_83)
FN:1010,checkLineBreaksIssues
FN:1050,buildLineBreakIssueMessage
FN:1078,getCharCodes
FN:1079,(anonymous_87)
FNF:80
FNH:80
FNDA:6,disableSticky
FNDA:6,enableSticky
FNDA:371,analyzeTokenTypes
FNDA:1594,(anonymous_9)
FNDA:1498,(anonymous_10)
FNDA:1498,(anonymous_11)
FNDA:1498,(anonymous_12)
FNDA:1498,(anonymous_13)
FNDA:1498,(anonymous_14)
FNDA:1498,(anonymous_15)
FNDA:1498,(anonymous_16)
FNDA:1088,(anonymous_17)
FNDA:1498,(anonymous_18)
FNDA:1498,(anonymous_19)
FNDA:4377,addToMapOfArrays
FNDA:1497,(anonymous_21)
FNDA:27,(anonymous_22)
FNDA:4121,(anonymous_23)
FNDA:437,validatePatterns
FNDA:437,validateRegExpPattern
FNDA:1708,(anonymous_26)
FNDA:449,findMissingPatterns
FNDA:1738,(anonymous_28)
FNDA:6,(anonymous_29)
FNDA:449,findInvalidPatterns
FNDA:1744,(anonymous_31)
FNDA:6,(anonymous_32)
FNDA:449,findEndOfInputAnchor
FNDA:1350,(anonymous_34)
FNDA:36,(anonymous_36)
FNDA:901,(anonymous_37)
FNDA:36,(anonymous_38)
FNDA:443,findEmptyMatchRegExps
FNDA:883,(anonymous_40)
FNDA:6,(anonymous_41)
FNDA:455,findStartOfInputAnchor
FNDA:1362,(anonymous_43)
FNDA:6,(anonymous_45)
FNDA:907,(anonymous_46)
FNDA:6,(anonymous_47)
FNDA:455,findUnsupportedFlags
FNDA:925,(anonymous_49)
FNDA:12,(anonymous_50)
FNDA:455,findDuplicatePatterns
FNDA:913,(anonymous_52)
FNDA:4075,(anonymous_53)
FNDA:913,(anonymous_54)
FNDA:6,(anonymous_55)
FNDA:12,(anonymous_56)
FNDA:449,findInvalidGroupType
FNDA:1732,(anonymous_58)
FNDA:6,(anonymous_59)
FNDA:437,findModesThatDoNotExist
FNDA:1708,(anonymous_61)
FNDA:12,(anonymous_62)
FNDA:443,findUnreachablePatterns
FNDA:1720,(anonymous_64)
FNDA:1720,(anonymous_65)
FNDA:3151,(anonymous_66)
FNDA:894,testTokenType
FNDA:817,noMetaChar
FNDA:5749,(anonymous_69)
FNDA:4392,addStartOfInput
FNDA:454,addStickyFlag
FNDA:401,performRuntimeChecks
FNDA:437,(anonymous_73)
FNDA:1720,(anonymous_74)
FNDA:401,performWarningRuntimeChecks
FNDA:437,(anonymous_76)
FNDA:1708,(anonymous_77)
FNDA:1136,(anonymous_78)
FNDA:480,cloneEmptyGroups
FNDA:72,(anonymous_80)
FNDA:1500,isCustomPattern
FNDA:1498,isShortPattern
FNDA:921,(anonymous_83)
FNDA:1754,checkLineBreaksIssues
FNDA:7,buildLineBreakIssueMessage
FNDA:772,getCharCodes
FNDA:1496,(anonymous_87)
DA:1,1
DA:2,1
DA:3,1
DA:4,1
DA:30,1
DA:43,1
DA:45,1
DA:46,1
DA:47,1
DA:69,1
DA:72,1
DA:73,6
DA:76,1
DA:77,6
DA:80,1
DA:90,371
DA:98,371
DA:99,1594
DA:102,371
DA:103,371
DA:104,1498
DA:108,757
DA:116,80
DA:146,74
DA:148,603
DA:179,371
DA:181,1498
DA:184,371
DA:185,1498
DA:198,371
DA:199,1498
DA:202,24
DA:203,24
DA:207,371
DA:209,1498
DA:212,371
DA:213,1498
DA:216,371
DA:220,1498
DA:222,251
DA:224,470
DA:230,617
DA:239,371
DA:240,371
DA:242,371
DA:245,1498
DA:247,60
DA:249,1498
DA:254,371
DA:255,1498
DA:271,4185
DA:273,4377
DA:276,371
DA:277,371
DA:280,370
DA:284,229
DA:285,229
DA:287,14
DA:289,27
DA:292,27
DA:296,2
DA:298,1
DA:307,746
DA:321,746
DA:322,4121
DA:331,1
DA:340,506
DA:343,1497
DA:350,198
DA:353,371
DA:362,1
DA:366,437
DA:368,437
DA:369,437
DA:371,437
DA:372,437
DA:373,437
DA:375,437
DA:377,437
DA:379,437
DA:383,437
DA:385,437
DA:391,437
DA:392,437
DA:393,1708
DA:396,437
DA:398,437
DA:400,437
DA:402,437
DA:404,437
DA:406,437
DA:414,1
DA:417,449
DA:418,1738
DA:421,449
DA:422,6
DA:432,449
DA:433,449
DA:436,1
DA:439,449
DA:440,1744
DA:441,1744
DA:449,449
DA:450,6
DA:461,449
DA:462,449
DA:465,1
DA:467,1
DA:470,901
DA:471,901
DA:473,449
DA:474,36
DA:476,449
DA:478,449
DA:479,901
DA:482,901
DA:483,901
DA:484,901
DA:486,901
DA:494,449
DA:495,36
DA:508,449
DA:511,1
DA:514,443
DA:515,883
DA:516,883
DA:519,443
DA:520,6
DA:530,443
DA:533,1
DA:535,1
DA:538,907
DA:539,907
DA:541,455
DA:542,6
DA:544,455
DA:546,455
DA:547,907
DA:549,907
DA:550,907
DA:551,907
DA:553,907
DA:561,455
DA:562,6
DA:575,455
DA:578,1
DA:581,455
DA:582,925
DA:583,925
DA:588,455
DA:589,12
DA:599,455
DA:603,1
DA:606,455
DA:607,455
DA:608,913
DA:618,829
DA:619,829
DA:620,829
DA:622,3246
DA:628,455
DA:630,455
DA:631,913
DA:634,455
DA:635,6
DA:636,12
DA:639,6
DA:640,6
DA:651,455
DA:654,1
DA:657,449
DA:659,1388
DA:661,344
DA:663,344
DA:666,449
DA:667,6
DA:677,449
DA:680,1
DA:684,437
DA:685,1708
DA:691,437
DA:693,12
DA:698,12
DA:705,437
DA:708,1
DA:711,443
DA:713,443
DA:716,1720
DA:719,72
DA:725,259
DA:727,359
DA:729,1648
DA:734,443
DA:735,3151
DA:738,6
DA:746,6
DA:755,443
DA:761,654
DA:762,654
DA:793,817
DA:794,5749
DA:799,1
DA:800,4392
DA:803,4392
DA:806,1
DA:807,454
DA:810,454
DA:813,1
DA:818,401
DA:822,12
DA:831,12
DA:846,12
DA:857,389
DA:858,437
DA:860,12
DA:872,401
DA:875,1
DA:880,401
DA:881,401
DA:882,401
DA:883,437
DA:886,401
DA:888,1708
DA:890,401
DA:892,217
DA:893,1136
DA:898,1
DA:904,1
DA:909,150
DA:915,55
DA:923,12
DA:933,401
DA:936,1
DA:939,480
DA:940,480
DA:942,480
DA:943,72
DA:947,72
DA:953,480
DA:957,1
DA:958,1500
DA:961,757
DA:975,1
DA:977,250
DA:979,1248
DA:986,1
DA:989,921
DA:990,921
DA:991,577
DA:993,172
DA:994,172
DA:997,72
DA:999,256
DA:1001,328
DA:1004,421
DA:1024,518
DA:1029,912
DA:1037,912
DA:1050,1
DA:1061,6
DA:1079,772
DA:1081,1472
DA:1083,24
DA:1087,772
LF:264
LH:264
BRDA:110,0,0,757
BRDA:110,0,1,80
BRDA:110,0,2,80
BRDA:110,0,3,80
BRDA:118,1,0,677
BRDA:118,1,1,167
BRDA:118,1,2,80
BRDA:149,2,0,387
BRDA:149,2,1,216
BRDA:246,3,0,1498
BRDA:246,3,1,314
BRDA:290,4,0,14
BRDA:290,4,1,13
BRDA:349,5,0,371
BRDA:349,5,1,199
BRDA:442,6,0,1744
BRDA:442,6,1,837
BRDA:442,6,2,289
BRDA:442,6,3,265
BRDA:470,7,0,901
BRDA:470,7,1,901
BRDA:470,7,2,901
BRDA:538,8,0,907
BRDA:538,8,1,907
BRDA:538,8,2,907
BRDA:584,9,0,925
BRDA:584,9,1,925
BRDA:584,9,2,919
BRDA:612,10,0,4075
BRDA:612,10,1,1009
BRDA:612,10,2,997
BRDA:663,11,0,344
BRDA:663,11,1,72
BRDA:663,11,2,72
BRDA:686,12,0,1708
BRDA:686,12,1,108
BRDA:726,13,0,1389
BRDA:726,13,1,817
BRDA:736,14,0,3151
BRDA:736,14,1,894
BRDA:762,15,0,654
BRDA:762,15,1,48
BRDA:800,16,0,414
BRDA:800,16,1,3978
BRDA:807,17,0,18
BRDA:807,17,1,436
BRDA:842,18,0,401
BRDA:842,18,1,389
BRDA:842,18,2,377
BRDA:922,19,0,401
BRDA:922,19,1,217
BRDA:976,20,0,1498
BRDA:976,20,1,250
BRDA:1080,21,0,1496
BRDA:1080,21,1,1472
BRF:55
BRH:55
end_of_record
TN:
SF:C:\workspace\chevrotain\packages\chevrotain\src\scan\lexer_errors_public.ts
FN:4,(anonymous_0)
FN:10,(anonymous_1)
FNF:2
FNH:2
FNDA:13,(anonymous_0)
FNDA:49,(anonymous_1)
DA:3,1
DA:5,13
DA:17,49
LF:3
LH:3
BRF:0
BRH:0
end_of_record
TN:
SF:C:\workspace\chevrotain\packages\chevrotain\src\scan\lexer_public.ts
FN:46,(anonymous_0)
FN:104,Lexer
FN:188,(anonymous_3)
FN:191,(anonymous_4)
FN:199,(anonymous_5)
FN:244,(anonymous_6)
FN:257,(anonymous_7)
FN:306,(anonymous_8)
FN:326,(anonymous_9)
FN:331,(anonymous_10)
FN:350,(anonymous_11)
FN:393,(anonymous_12)
FN:432,(anonymous_13)
FN:442,(anonymous_14)
FN:449,push_mode
FN:463,(anonymous_16)
FN:473,(anonymous_17)
FN:701,(anonymous_18)
FN:715,(anonymous_19)
FN:719,(anonymous_20)
FN:724,(anonymous_21)
FN:749,(anonymous_22)
FN:759,(anonymous_23)
FN:768,(anonymous_24)
FN:786,(anonymous_25)
FN:814,(anonymous_26)
FN:819,(anonymous_27)
FN:830,(anonymous_28)
FN:842,(anonymous_29)
FNF:29
FNH:29
FNDA:1,(anonymous_0)
FNDA:414,Lexer
FNDA:437,(anonymous_3)
FNDA:1720,(anonymous_4)
FNDA:437,(anonymous_5)
FNDA:12,(anonymous_6)
FNDA:1,(anonymous_7)
FNDA:353,(anonymous_8)
FNDA:492,(anonymous_9)
FNDA:12,(anonymous_10)
FNDA:480,(anonymous_11)
FNDA:84,(anonymous_12)
FNDA:60,(anonymous_13)
FNDA:60,(anonymous_14)
FNDA:576,push_mode
FNDA:1332,(anonymous_16)
FNDA:1074,(anonymous_17)
FNDA:720,(anonymous_18)
FNDA:1047,(anonymous_19)
FNDA:1842,(anonymous_20)
FNDA:368,(anonymous_21)
FNDA:1880,(anonymous_22)
FNDA:442,(anonymous_23)
FNDA:308,(anonymous_24)
FNDA:1195,(anonymous_25)
FNDA:732,(anonymous_26)
FNDA:1093,(anonymous_27)
FNDA:990,(anonymous_28)
FNDA:687,(anonymous_29)
DA:1,1
DA:11,1
DA:28,1
DA:38,1
DA:46,1
DA:47,1
DA:48,1
DA:49,1
DA:50,1
DA:51,1
DA:52,1
DA:53,1
DA:54,1
DA:55,1
DA:56,1
DA:57,1
DA:58,1
DA:59,1
DA:60,1
DA:61,1
DA:62,1
DA:63,1
DA:80,1
DA:82,1
DA:83,1
DA:87,1
DA:88,414
DA:89,414
DA:91,414
DA:92,414
DA:94,414
DA:96,414
DA:98,414
DA:99,414
DA:100,414
DA:101,414
DA:102,414
DA:104,414
DA:105,414
DA:106,495
DA:109,6
DA:116,408
DA:123,378
DA:129,6
DA:137,1
DA:142,401
DA:145,401
DA:147,401
DA:152,329
DA:153,329
DA:156,329
DA:159,72
DA:160,72
DA:165,401
DA:173,401
DA:182,401
DA:188,401
DA:189,437
DA:191,1720
DA:195,401
DA:197,401
DA:200,437
DA:201,437
DA:209,359
DA:210,359
DA:218,359
DA:221,359
DA:224,359
DA:229,359
DA:232,359
DA:238,401
DA:244,12
DA:245,12
DA:247,12
DA:250,12
DA:257,389
DA:258,1
DA:265,218
DA:266,218
DA:268,171
DA:269,171
DA:273,317
DA:277,184
DA:281,228
DA:285,161
DA:287,44
DA:289,178
DA:291,6
DA:299,146
DA:301,237
DA:304,383
DA:308,172
DA:310,353
DA:316,2
DA:326,1
DA:328,972
DA:331,12
DA:332,12
DA:334,12
DA:337,12
DA:343,480
DA:345,480
DA:350,480
DA:364,480
DA:365,480
DA:366,480
DA:367,480
DA:372,480
DA:375,480
DA:376,480
DA:377,480
DA:378,480
DA:379,480
DA:380,480
DA:381,480
DA:383,480
DA:384,480
DA:385,480
DA:387,480
DA:389,480
DA:390,480
DA:391,480
DA:393,480
DA:403,24
DA:407,24
DA:421,60
DA:422,60
DA:423,60
DA:424,60
DA:426,60
DA:428,60
DA:432,30
DA:434,60
DA:436,12
DA:438,48
DA:442,30
DA:443,60
DA:450,576
DA:451,576
DA:454,576
DA:455,576
DA:457,576
DA:459,576
DA:463,318
DA:465,1332
DA:467,18
DA:469,1314
DA:473,258
DA:474,1074
DA:481,480
DA:486,2526
DA:488,2526
DA:489,2526
DA:490,2526
DA:493,5192
DA:494,5192
DA:497,5192
DA:501,275
DA:504,2898
DA:510,2898
DA:512,1659
DA:513,1659
DA:519,2466
DA:523,36
DA:524,36
DA:529,18
DA:535,18
DA:537,18
DA:538,18
DA:549,12
DA:550,12
DA:553,2466
DA:560,2466
DA:561,2466
DA:563,1945
DA:566,1945
DA:577,1825
DA:583,120
DA:586,2466
DA:587,2466
DA:590,2466
DA:596,445
DA:597,445
DA:598,445
DA:599,445
DA:600,445
DA:601,969
DA:605,524
DA:607,524
DA:612,400
DA:613,400
DA:614,400
DA:626,2466
DA:629,60
DA:630,60
DA:631,60
DA:632,60
DA:635,444
DA:637,444
DA:638,444
DA:640,3420
DA:641,3420
DA:644,3420
DA:648,12
DA:651,1284
DA:659,1668
DA:660,1668
DA:664,24
DA:669,60
DA:671,60
DA:678,60
DA:691,270
DA:694,480
DA:701,1
DA:705,84
DA:706,84
DA:708,12
DA:711,84
DA:715,1
DA:716,1047
DA:719,1
DA:720,1842
DA:724,1
DA:736,336
DA:737,336
DA:740,88
DA:743,88
DA:749,1
DA:750,1880
DA:759,1
DA:760,442
DA:768,1
DA:776,308
DA:786,1
DA:795,1195
DA:814,1
DA:815,732
DA:816,732
DA:819,1
DA:820,1093
DA:821,1093
DA:822,1093
DA:830,1
DA:835,990
DA:837,817
DA:839,173
DA:842,1
DA:843,687
DA:844,687
DA:846,1
LF:250
LH:250
BRDA:46,0,0,1
BRDA:46,0,1,1
BRDA:106,1,0,81
BRDA:106,1,1,333
BRDA:136,2,0,402
BRDA:136,2,1,2
BRDA:183,3,0,389
BRDA:183,3,1,12
BRDA:230,4,0,359
BRDA:230,4,1,189
BRDA:241,5,0,401
BRDA:241,5,1,90
BRDA:315,6,0,383
BRDA:315,6,1,2
BRDA:328,7,0,480
BRDA:328,7,1,12
BRDA:373,8,0,210
BRDA:373,8,1,270
BRDA:377,9,0,327
BRDA:377,9,1,153
BRDA:378,10,0,327
BRDA:378,10,1,153
BRDA:396,11,0,84
BRDA:396,11,1,24
BRDA:411,12,0,20
BRDA:411,12,1,4
BRDA:415,13,0,20
BRDA:415,13,1,4
BRDA:428,14,0,60
BRDA:428,14,1,30
BRDA:431,15,0,60
BRDA:431,15,1,60
BRDA:459,16,0,576
BRDA:459,16,1,318
BRDA:462,17,0,576
BRDA:462,17,1,576
BRDA:510,18,0,858
BRDA:510,18,1,2040
BRDA:535,19,0,12
BRDA:535,19,1,6
BRDA:546,20,0,36
BRDA:546,20,1,24
BRDA:593,21,0,2466
BRDA:593,21,1,1880
BRDA:633,22,0,504
BRDA:633,22,1,480
BRDA:737,23,0,320
BRDA:737,23,1,16
BRDA:738,24,0,336
BRDA:738,24,1,256
BRDA:844,25,0,528
BRDA:844,25,1,159
BRF:52
BRH:52
end_of_record
TN:
SF:C:\workspace\chevrotain\packages\chevrotain\src\scan\reg_exp.ts
FN:18,getStartCodes
FN:64,firstChar
FN:106,(anonymous_8)
FN:124,(anonymous_9)
FN:149,applyIgnoreCase
FN:151,(anonymous_11)
FN:166,findCode
FN:167,(anonymous_13)
FN:176,(anonymous_14)
FN:184,(anonymous_15)
FN:187,CharCodeFinder
FN:191,(anonymous_17)
FN:206,(anonymous_18)
FN:212,(anonymous_19)
FN:225,canMatchCharCode
FN:236,(anonymous_21)
FNF:16
FNH:16
FNDA:753,getStartCodes
FNDA:2153,firstChar
FNDA:2230,(anonymous_8)
FNDA:459,(anonymous_9)
FNDA:37,applyIgnoreCase
FNDA:38,(anonymous_11)
FNDA:547,findCode
FNDA:3679,(anonymous_13)
FNDA:161,(anonymous_14)
FNDA:1,(anonymous_15)
FNDA:1830,CharCodeFinder
FNDA:21607,(anonymous_17)
FNDA:5173,(anonymous_18)
FNDA:547,(anonymous_19)
FNDA:2152,canMatchCharCode
FNDA:888,(anonymous_21)
DA:1,1
DA:2,1
DA:12,1
DA:14,1
DA:15,1
DA:18,1
DA:20,1406
DA:23,753
DA:24,753
DA:26,37
DA:29,745
DA:61,8
DA:64,1
DA:67,928
DA:69,1225
DA:70,1225
DA:71,1225
DA:72,1230
DA:92,4
DA:95,1226
DA:98,876
DA:99,876
DA:102,8
DA:106,167
DA:108,2161
DA:111,69
DA:113,69
DA:117,1058
DA:121,167
DA:123,175
DA:124,459
DA:125,175
DA:138,1217
DA:142,1217
DA:149,1
DA:150,37
DA:151,37
DA:152,38
DA:154,38
DA:157,31
DA:163,37
DA:167,547
DA:169,3598
DA:172,81
DA:173,81
DA:177,161
DA:184,1
DA:185,1830
DA:187,1830
DA:188,1830
DA:191,1
DA:196,48
DA:197,48
DA:199,48
DA:200,48
DA:203,21511
DA:206,1
DA:208,17
DA:212,1
DA:215,25
DA:219,145
DA:223,1
DA:225,1
DA:230,1830
DA:231,1830
DA:232,1830
DA:233,1830
DA:235,322
DA:237,888
LF:69
LH:69
BRDA:20,0,0,653
BRDA:20,0,1,100
BRDA:66,1,0,928
BRDA:66,1,1,1225
BRDA:97,2,0,876
BRDA:97,2,1,175
BRDA:97,2,2,175
BRDA:134,3,0,1218
BRDA:134,3,1,119
BRDA:134,3,2,119
BRDA:177,4,0,161
BRDA:177,4,1,1
BRDA:188,5,0,1830
BRDA:188,5,1,1830
BRDA:195,6,0,48
BRDA:195,6,1,48
BRF:16
BRH:16
end_of_record
TN:
SF:C:\workspace\chevrotain\packages\chevrotain\src\scan\tokens.ts
FN:17,tokenStructuredMatcher
FN:31,tokenStructuredMatcherNoCategories
FN:38,augmentTokenTypes
FN:49,(anonymous_3)
FN:54,expandCategories
FN:61,(anonymous_5)
FN:77,assignTokenDefaultProps
FN:78,(anonymous_7)
FN:113,assignCategoriesTokensProp
FN:114,(anonymous_9)
FN:117,(anonymous_10)
FN:125,assignCategoriesMapProp
FN:126,(anonymous_12)
FN:131,singleAssignCategoriesToksMap
FN:135,(anonymous_14)
FN:139,(anonymous_15)
FN:148,hasShortKeyProperty
FN:152,hasCategoriesProperty
FN:156,hasExtendingTokensTypesProperty
FN:160,hasExtendingTokensTypesMapProperty
FN:166,hasTokenNameProperty
FN:170,isTokenType
FNF:22
FNH:22
FNDA:892,tokenStructuredMatcher
FNDA:1534,tokenStructuredMatcherNoCategories
FNDA:1782,augmentTokenTypes
FNDA:4907,(anonymous_3)
FNDA:1782,expandCategories
FNDA:4907,(anonymous_5)
FNDA:1782,assignTokenDefaultProps
FNDA:4907,(anonymous_7)
FNDA:1782,assignCategoriesTokensProp
FNDA:4907,(anonymous_9)
FNDA:851,(anonymous_10)
FNDA:1782,assignCategoriesMapProp
FNDA:4907,(anonymous_12)
FNDA:5347,singleAssignCategoriesToksMap
FNDA:444,(anonymous_14)
FNDA:440,(anonymous_15)
FNDA:4907,hasShortKeyProperty
FNDA:9814,hasCategoriesProperty
FNDA:4907,hasExtendingTokensTypesProperty
FNDA:4907,hasExtendingTokensTypesMapProperty
FNDA:4907,hasTokenNameProperty
FNDA:3,isTokenType
DA:1,1
DA:13,1
DA:14,1
DA:17,1
DA:18,892
DA:20,760
DA:22,132
DA:31,1
DA:32,1534
DA:35,1
DA:36,1
DA:38,1
DA:40,1782
DA:43,1782
DA:46,1782
DA:47,1782
DA:49,1782
DA:50,4907
DA:54,1
DA:55,1782
DA:57,1782
DA:58,1782
DA:60,1951
DA:61,4907
DA:64,1951
DA:66,1951
DA:69,1782
DA:71,169
DA:74,1782
DA:77,1
DA:78,1782
DA:80,1195
DA:81,1195
DA:91,65
DA:95,1126
DA:99,1195
DA:103,1195
DA:108,1195
DA:113,1
DA:114,1782
DA:116,4907
DA:117,4907
DA:118,851
DA:125,1
DA:126,1782
DA:127,4907
DA:131,1
DA:135,5347
DA:136,444
DA:139,5347
DA:140,440
DA:143,439
DA:148,1
DA:149,4907
DA:152,1
DA:153,9814
DA:156,1
DA:157,4907
DA:160,1
DA:163,4907
DA:166,1
DA:167,4907
DA:170,1
DA:171,3
LF:64
LH:64
BRDA:23,0,0,132
BRDA:23,0,1,33
BRDA:86,1,0,4907
BRDA:86,1,1,3781
BRF:4
BRH:4
end_of_record
TN:
SF:C:\workspace\chevrotain\packages\chevrotain\src\scan\tokens_public.ts
FN:7,tokenLabel
FN:15,hasTokenLabel
FN:19,tokenName
FN:45,createToken
FN:49,createTokenInternal
FN:112,createTokenInstance
FN:135,tokenMatcher
FNF:7
FNH:7
FNDA:142,tokenLabel
FNDA:176,hasTokenLabel
FNDA:8266,tokenName
FNDA:1122,createToken
FNDA:1122,createTokenInternal
FNDA:9,createTokenInstance
FNDA:5,tokenMatcher
DA:1,1
DA:2,1
DA:3,1
DA:4,1
DA:7,1
DA:9,14
DA:11,128
DA:15,1
DA:16,176
DA:19,1
DA:31,1383
DA:35,1
DA:36,1
DA:37,1
DA:38,1
DA:39,1
DA:40,1
DA:41,1
DA:42,1
DA:43,1
DA:45,1
DA:46,1122
DA:50,1122
DA:51,1122
DA:53,1122
DA:64,1001
DA:68,1
DA:73,69
DA:76,1121
DA:79,1
DA:83,64
DA:87,1
DA:91,1
DA:95,1
DA:99,87
DA:103,14
DA:106,1121
DA:109,1
DA:110,1
DA:112,1
DA:122,9
DA:135,1
DA:136,5
LF:43
LH:43
BRDA:16,0,0,176
BRDA:16,0,1,16
BRDA:25,1,0,8266
BRDA:25,1,1,8266
BRDA:25,1,2,6883
BRF:5
BRH:5
end_of_record
TN:
SF:C:\workspace\chevrotain\packages\chevrotain\src\text\range.ts
FN:16,(anonymous_0)
FN:17,Range
FN:23,(anonymous_2)
FN:27,(anonymous_3)
FN:31,(anonymous_4)
FN:35,(anonymous_5)
FN:39,(anonymous_6)
FN:44,isValidRange
FNF:8
FNH:8
FNDA:1,(anonymous_0)
FNDA:3085,Range
FNDA:9,(anonymous_2)
FNDA:6,(anonymous_3)
FNDA:6,(anonymous_4)
FNDA:1323282,(anonymous_5)
FNDA:651423,(anonymous_6)
FNDA:3085,isValidRange
DA:16,1
DA:17,3085
DA:19,2
DA:23,1
DA:24,9
DA:27,1
DA:28,6
DA:31,1
DA:32,6
DA:35,1
DA:36,1323282
DA:39,1
DA:40,651423
DA:42,1
DA:44,1
DA:45,3085
LF:16
LH:16
BRDA:24,0,0,9
BRDA:24,0,1,6
BRDA:28,1,0,6
BRDA:28,1,1,4
BRDA:36,2,0,1323282
BRDA:36,2,1,671094
BRDA:45,3,0,3085
BRDA:45,3,1,3084
BRF:8
BRH:8
end_of_record
TN:
SF:C:\workspace\chevrotain\packages\chevrotain\src\utils\utils.ts
FN:11,isEmpty
FN:15,keys
FN:22,values
FN:31,mapValues
FN:44,map
FN:52,flatten
FN:66,first
FN:70,last
FN:75,forEach
FN:93,isString
FN:97,isUndefined
FN:101,isFunction
FN:105,drop
FN:109,dropRight
FN:113,filter
FN:126,reject
FN:127,(anonymous_16)
FN:130,pick
FN:145,has
FN:152,contains
FN:153,(anonymous_20)
FN:159,cloneArr
FN:170,cloneObj
FN:181,find
FN:191,findAll
FN:202,reduce
FN:224,compact
FN:225,(anonymous_27)
FN:228,uniq
FN:230,(anonymous_29)
FN:235,(anonymous_30)
FN:248,partial
FN:254,isArray
FN:258,isRegExp
FN:262,isObject
FN:266,every
FN:278,difference
FN:279,(anonymous_37)
FN:282,some
FN:291,indexOf
FN:300,sortBy
FN:302,(anonymous_41)
FN:306,zipObject
FN:321,assign
FN:336,assignNoOverwrite
FN:356,defaults
FN:360,groupBy
FN:366,(anonymous_47)
FN:384,merge
FN:396,NOOP
FN:398,IDENTITY
FN:405,packArray
FN:414,PRINT_ERROR
FN:421,PRINT_WARNING
FN:429,isES2015MapSupported
FN:433,applyMixins
FN:434,(anonymous_56)
FN:436,(anonymous_57)
FNF:58
FNH:58
FNDA:246501,isEmpty
FNDA:20737,keys
FNDA:3384,values
FNDA:402,mapValues
FNDA:29791,map
FNDA:17354,flatten
FNDA:1542,first
FNDA:245,last
FNDA:63102,forEach
FNDA:15433,isString
FNDA:13278,isUndefined
FNDA:2855,isFunction
FNDA:20633,drop
FNDA:162,dropRight
FNDA:13037,filter
FNDA:7093,reject
FNDA:13579,(anonymous_16)
FNDA:10460,pick
FNDA:62812,has
FNDA:19828,contains
FNDA:40852,(anonymous_20)
FNDA:10621,cloneArr
FNDA:866,cloneObj
FNDA:30156,find
FNDA:352,findAll
FNDA:14227,reduce
FNDA:2949,compact
FNDA:4495,(anonymous_27)
FNDA:1197,uniq
FNDA:1079,(anonymous_29)
FNDA:1492,(anonymous_30)
FNDA:5,partial
FNDA:6246,isArray
FNDA:11773,isRegExp
FNDA:77205,isObject
FNDA:36280,every
FNDA:2922,difference
FNDA:4031,(anonymous_37)
FNDA:251,some
FNDA:28,indexOf
FNDA:1457,sortBy
FNDA:1356,(anonymous_41)
FNDA:3,zipObject
FNDA:9934,assign
FNDA:1206,assignNoOverwrite
FNDA:1206,defaults
FNDA:878,groupBy
FNDA:2171,(anonymous_47)
FNDA:767,merge
FNDA:4735,NOOP
FNDA:2449,IDENTITY
FNDA:198,packArray
FNDA:2,PRINT_ERROR
FNDA:2,PRINT_WARNING
FNDA:605,isES2015MapSupported
FNDA:1,applyMixins
FNDA:8,(anonymous_56)
FNDA:201,(anonymous_57)
DA:11,1
DA:12,246501
DA:15,1
DA:17,12
DA:19,20725
DA:22,1
DA:23,3384
DA:24,3384
DA:25,3384
DA:26,8218
DA:28,3384
DA:31,1
DA:35,402
DA:36,402
DA:37,402
DA:38,439
DA:39,439
DA:41,402
DA:44,1
DA:45,29791
DA:46,29791
DA:47,41677
DA:49,29783
DA:52,1
DA:53,17354
DA:55,17354
DA:56,21832
DA:58,12393
DA:60,9439
DA:63,17354
DA:66,1
DA:67,1542
DA:70,1
DA:71,245
DA:72,245
DA:75,1
DA:78,57001
DA:79,95368
DA:93,1
DA:94,15433
DA:97,1
DA:98,13278
DA:101,1
DA:102,2855
DA:105,21481
DA:106,20633
DA:109,322
DA:110,162
DA:113,1
DA:114,13037
DA:116,13035
DA:117,47202
DA:119,15325
DA:123,13037
DA:126,1
DA:127,13579
DA:130,1
DA:131,10460
DA:132,10460
DA:134,10460
DA:135,15166
DA:136,15166
DA:138,13027
DA:142,10460
DA:145,1
DA:147,61948
DA:149,864
DA:152,1
DA:153,40852
DA:159,1
DA:160,10621
DA:161,10621
DA:162,9220
DA:164,10621
DA:170,1
DA:171,866
DA:175,3534
DA:178,866
DA:181,1
DA:182,30156
DA:183,63822
DA:185,2425
DA:188,27731
DA:191,1
DA:192,352
DA:193,352
DA:194,1440
DA:196,30
DA:199,352
DA:202,1
DA:207,14227
DA:209,14227
DA:210,14227
DA:212,14227
DA:213,14227
DA:214,33598
DA:221,14227
DA:224,1
DA:225,4495
DA:228,1
DA:230,1943
DA:232,1197
DA:233,1197
DA:236,1492
DA:238,13
DA:240,1479
DA:241,1479
DA:248,17
DA:249,5
DA:250,5
DA:251,5
DA:254,1
DA:255,6246
DA:258,1
DA:259,11773
DA:262,1
DA:263,77205
DA:266,1
DA:270,36280
DA:272,12602
DA:275,23678
DA:278,1
DA:279,4031
DA:282,1
DA:283,251
DA:285,23
DA:288,228
DA:291,1
DA:292,28
DA:294,26
DA:297,2
DA:300,1
DA:301,1457
DA:302,1457
DA:303,1457
DA:306,1
DA:308,1
DA:311,2
DA:312,2
DA:313,3
DA:315,2
DA:321,29805
DA:322,9934
DA:323,9937
DA:324,9937
DA:325,9937
DA:326,13235
DA:327,13235
DA:330,9934
DA:336,1
DA:338,4824
DA:340,1206
DA:341,2412
DA:343,174
DA:345,2238
DA:346,2238
DA:347,7661
DA:349,5542
DA:353,1206
DA:356,4824
DA:357,1206
DA:360,1
DA:364,878
DA:366,878
DA:367,2171
DA:368,2171
DA:371,22
DA:373,2149
DA:377,878
DA:384,1
DA:385,767
DA:386,767
DA:387,767
DA:388,1049
DA:389,1049
DA:390,1049
DA:393,767
DA:396,1
DA:398,1
DA:399,2449
DA:405,1
DA:406,198
DA:407,198
DA:408,3371382
DA:409,3371382
DA:411,198
DA:414,1
DA:417,2
DA:421,1
DA:425,2
DA:429,1
DA:430,605
DA:433,1
DA:434,1
DA:435,8
DA:436,8
DA:438,8
DA:441,193
DA:450,2
DA:456,191
LF:200
LH:200
BRDA:12,0,0,246501
BRDA:12,0,1,246489
BRDA:16,1,0,20737
BRDA:16,1,1,20725
BRDA:67,2,0,21
BRDA:67,2,1,1521
BRDA:71,3,0,245
BRDA:71,3,1,244
BRDA:72,4,0,243
BRDA:72,4,1,2
BRDA:105,5,0,848
BRDA:105,5,1,19785
BRDA:109,6,0,160
BRDA:109,6,1,2
BRDA:153,7,0,780
BRDA:153,7,1,19048
BRDA:209,8,0,13843
BRDA:209,8,1,384
BRDA:210,9,0,13843
BRDA:210,9,1,384
BRDA:218,10,0,33242
BRDA:218,10,1,356
BRDA:225,11,0,4495
BRDA:225,11,1,4244
BRDA:230,12,0,746
BRDA:230,12,1,451
BRDA:409,13,0,3450
BRDA:409,13,1,3367932
BRDA:416,14,0,2
BRDA:416,14,1,2
BRDA:423,15,0,2
BRDA:423,15,1,2
BRDA:447,16,0,193
BRDA:447,16,1,193
BRDA:447,16,2,191
BRF:35
BRH:35
end_of_record
